#! /c/Source/iverilog-install/bin/vvp
:ivl_version "12.0 (devel)" "(s20150603-1539-g2693dd32b)";
:ivl_delay_selection "TYPICAL";
:vpi_time_precision - 12;
:vpi_module "D:\iverilog\lib\ivl\system.vpi";
:vpi_module "D:\iverilog\lib\ivl\vhdl_sys.vpi";
:vpi_module "D:\iverilog\lib\ivl\vhdl_textio.vpi";
:vpi_module "D:\iverilog\lib\ivl\v2005_math.vpi";
:vpi_module "D:\iverilog\lib\ivl\va_math.vpi";
:vpi_module "D:\iverilog\lib\ivl\v2009.vpi";
S_000001c0abaf9310 .scope package, "$unit" "$unit" 2 1;
 .timescale 0 0;
S_000001c0abac8b30 .scope module, "tb_pe_timing" "tb_pe_timing" 3 3;
 .timescale -9 -12;
P_000001c0abaadd00 .param/l "ACC_W" 0 3 6, +C4<00000000000000000000000000100000>;
P_000001c0abaadd38 .param/l "CLK_PERIOD" 0 3 7, +C4<00000000000000000000000000001010>;
P_000001c0abaadd70 .param/l "DATA_W" 0 3 5, +C4<00000000000000000000000000010000>;
v000001c0abea19d0_0 .var "a_in", 15 0;
v000001c0abea1cf0_0 .var "acc_in", 31 0;
v000001c0abea02b0_0 .net "acc_out", 31 0, v000001c0abea1c50_0;  1 drivers
v000001c0abea1e30_0 .var "clk", 0 0;
v000001c0abea0cb0_0 .var/i "cycle", 31 0;
v000001c0abea1ed0_0 .var "en", 0 0;
v000001c0abea1f70_0 .var "flush", 0 0;
v000001c0abea00d0_0 .var "mode", 0 0;
v000001c0abea05d0_0 .var "rst_n", 0 0;
v000001c0abea0350_0 .var "stat_mode", 0 0;
v000001c0abea03f0_0 .net "valid_out", 0 0, v000001c0abea17f0_0;  1 drivers
v000001c0abea0c10_0 .var "w_in", 15 0;
S_000001c0abac8cc0 .scope task, "drive" "drive" 3 35, 3 35 0, S_000001c0abac8b30;
 .timescale -9 -12;
v000001c0abae7260_0 .var "a", 15 0;
v000001c0abae88e0_0 .var "ai", 31 0;
v000001c0abae8980_0 .var "fl", 0 0;
v000001c0abae7580_0 .var "w", 15 0;
E_000001c0abae2470 .event posedge, v000001c0abb5c520_0;
TD_tb_pe_timing.drive ;
    %wait E_000001c0abae2470;
    %delay 1000, 0;
    %load/vec4 v000001c0abae7580_0;
    %store/vec4 v000001c0abea0c10_0, 0, 16;
    %load/vec4 v000001c0abae7260_0;
    %store/vec4 v000001c0abea19d0_0, 0, 16;
    %load/vec4 v000001c0abae88e0_0;
    %store/vec4 v000001c0abea1cf0_0, 0, 32;
    %load/vec4 v000001c0abae8980_0;
    %store/vec4 v000001c0abea1f70_0, 0, 1;
    %pushi/vec4 1, 0, 1;
    %store/vec4 v000001c0abea1ed0_0, 0, 1;
    %end;
S_000001c0aba51580 .scope module, "u_pe" "pe_top" 3 15, 4 28 0, S_000001c0abac8b30;
 .timescale -9 -12;
    .port_info 0 /INPUT 1 "clk";
    .port_info 1 /INPUT 1 "rst_n";
    .port_info 2 /INPUT 1 "mode";
    .port_info 3 /INPUT 1 "stat_mode";
    .port_info 4 /INPUT 1 "en";
    .port_info 5 /INPUT 1 "flush";
    .port_info 6 /INPUT 16 "w_in";
    .port_info 7 /INPUT 16 "a_in";
    .port_info 8 /INPUT 32 "acc_in";
    .port_info 9 /OUTPUT 32 "acc_out";
    .port_info 10 /OUTPUT 1 "valid_out";
P_000001c0abad9760 .param/l "ACC_W" 0 4 30, +C4<00000000000000000000000000100000>;
P_000001c0abad9798 .param/l "DATA_W" 0 4 29, +C4<00000000000000000000000000010000>;
v000001c0abea1390_0 .net *"_ivl_11", 0 0, L_000001c0abea2540;  1 drivers
v000001c0abea1610_0 .net *"_ivl_12", 15 0, L_000001c0abea3c60;  1 drivers
v000001c0abea0990_0 .net/s *"_ivl_4", 15 0, L_000001c0abea08f0;  1 drivers
v000001c0abea16b0_0 .net/s *"_ivl_6", 15 0, L_000001c0abea3080;  1 drivers
v000001c0abea1a70_0 .net "a_in", 15 0, v000001c0abea19d0_0;  1 drivers
v000001c0abea1570_0 .net "acc_in", 31 0, v000001c0abea1cf0_0;  1 drivers
v000001c0abea1c50_0 .var "acc_out", 31 0;
v000001c0abea1b10_0 .net "clk", 0 0, v000001c0abea1e30_0;  1 drivers
v000001c0abea1110_0 .net "en", 0 0, v000001c0abea1ed0_0;  1 drivers
v000001c0abea1250_0 .net "flush", 0 0, v000001c0abea1f70_0;  1 drivers
v000001c0abea0170_0 .net "fp16_mul_out", 31 0, L_000001c0abae9860;  1 drivers
v000001c0abea14d0_0 .net/s "int8_a", 7 0, L_000001c0abea0530;  1 drivers
v000001c0abea1d90_0 .net/s "int8_mul_16", 15 0, L_000001c0abea3d00;  1 drivers
v000001c0abea0210_0 .net "int8_prod", 31 0, L_000001c0abea2f40;  1 drivers
v000001c0abea0a30_0 .net/s "int8_w", 7 0, L_000001c0abea0f30;  1 drivers
v000001c0abea0710_0 .net "mode", 0 0, v000001c0abea00d0_0;  1 drivers
v000001c0abea1890_0 .var "os_acc", 31 0;
v000001c0abea11b0_0 .net "rst_n", 0 0, v000001c0abea05d0_0;  1 drivers
v000001c0abea1930_0 .var "s0_a", 15 0;
v000001c0abea1750_0 .var "s0_flush", 0 0;
v000001c0abea0ad0_0 .var "s0_mode", 0 0;
v000001c0abea0fd0_0 .var "s0_stat", 0 0;
v000001c0abea1070_0 .var "s0_valid", 0 0;
v000001c0abea12f0_0 .var "s0_w", 15 0;
v000001c0abea0670_0 .var "s1_acc_in", 31 0;
v000001c0abea0df0_0 .var "s1_flush", 0 0;
v000001c0abea0b70_0 .var "s1_mul", 31 0;
v000001c0abea0490_0 .var "s1_stat", 0 0;
v000001c0abea0e90_0 .var "s1_valid", 0 0;
v000001c0abea0850_0 .net "stat_mode", 0 0, v000001c0abea0350_0;  1 drivers
v000001c0abea17f0_0 .var "valid_out", 0 0;
v000001c0abea07b0_0 .net "w_in", 15 0, v000001c0abea0c10_0;  1 drivers
v000001c0abea1bb0_0 .var "weight_reg", 15 0;
L_000001c0abea0f30 .part v000001c0abea12f0_0, 0, 8;
L_000001c0abea0530 .part v000001c0abea1930_0, 0, 8;
L_000001c0abea08f0 .extend/s 16, L_000001c0abea0f30;
L_000001c0abea3080 .extend/s 16, L_000001c0abea0530;
L_000001c0abea3d00 .arith/mult 16, L_000001c0abea08f0, L_000001c0abea3080;
L_000001c0abea2540 .part L_000001c0abea3d00, 15, 1;
LS_000001c0abea3c60_0_0 .concat [ 1 1 1 1], L_000001c0abea2540, L_000001c0abea2540, L_000001c0abea2540, L_000001c0abea2540;
LS_000001c0abea3c60_0_4 .concat [ 1 1 1 1], L_000001c0abea2540, L_000001c0abea2540, L_000001c0abea2540, L_000001c0abea2540;
LS_000001c0abea3c60_0_8 .concat [ 1 1 1 1], L_000001c0abea2540, L_000001c0abea2540, L_000001c0abea2540, L_000001c0abea2540;
LS_000001c0abea3c60_0_12 .concat [ 1 1 1 1], L_000001c0abea2540, L_000001c0abea2540, L_000001c0abea2540, L_000001c0abea2540;
L_000001c0abea3c60 .concat [ 4 4 4 4], LS_000001c0abea3c60_0_0, LS_000001c0abea3c60_0_4, LS_000001c0abea3c60_0_8, LS_000001c0abea3c60_0_12;
L_000001c0abea2f40 .concat [ 16 16 0 0], L_000001c0abea3d00, L_000001c0abea3c60;
S_000001c0aba51710 .scope module, "u_fp16_mul" "fp16_mul" 4 121, 5 14 0, S_000001c0aba51580;
 .timescale -9 -12;
    .port_info 0 /INPUT 1 "clk";
    .port_info 1 /INPUT 1 "rst_n";
    .port_info 2 /INPUT 1 "en";
    .port_info 3 /INPUT 16 "a";
    .port_info 4 /INPUT 16 "b";
    .port_info 5 /OUTPUT 32 "result";
P_000001c0abae25f0 .param/l "ACC_W" 0 5 15, +C4<00000000000000000000000000100000>;
L_000001c0abae9d30 .functor AND 1, L_000001c0abea39e0, L_000001c0abea3da0, C4<1>, C4<1>;
L_000001c0abae9ef0 .functor AND 1, L_000001c0abea2c20, L_000001c0abea3760, C4<1>, C4<1>;
L_000001c0abae94e0 .functor AND 1, L_000001c0abea3e40, L_000001c0abea3300, C4<1>, C4<1>;
L_000001c0abae9b00 .functor AND 1, L_000001c0abea2220, L_000001c0abea3120, C4<1>, C4<1>;
L_000001c0abae9780 .functor AND 1, L_000001c0abea3800, L_000001c0abea31c0, C4<1>, C4<1>;
L_000001c0abae9550 .functor AND 1, L_000001c0abea3260, L_000001c0abea2cc0, C4<1>, C4<1>;
L_000001c0abae9f60 .functor OR 1, L_000001c0abae9780, L_000001c0abae9550, C4<0>, C4<0>;
L_000001c0abae9a20 .functor AND 1, L_000001c0abae9d30, L_000001c0abae9b00, C4<1>, C4<1>;
L_000001c0abae9a90 .functor OR 1, L_000001c0abae9f60, L_000001c0abae9a20, C4<0>, C4<0>;
L_000001c0abae95c0 .functor AND 1, L_000001c0abae9ef0, L_000001c0abae94e0, C4<1>, C4<1>;
L_000001c0abae9b70 .functor OR 1, L_000001c0abae9a90, L_000001c0abae95c0, C4<0>, C4<0>;
L_000001c0abae9470 .functor OR 1, L_000001c0abae94e0, L_000001c0abae9b00, C4<0>, C4<0>;
L_000001c0abae9630 .functor AND 1, L_000001c0abae9470, L_000001c0abea2400, C4<1>, C4<1>;
L_000001c0abae9be0 .functor OR 1, L_000001c0abae9d30, L_000001c0abae9ef0, C4<0>, C4<0>;
L_000001c0abae96a0 .functor AND 1, L_000001c0abae9be0, L_000001c0abea22c0, C4<1>, C4<1>;
L_000001c0abaea0b0 .functor XOR 1, L_000001c0abea33a0, L_000001c0abea2ae0, C4<0>, C4<0>;
L_000001c0abae97f0 .functor AND 1, L_000001c0abea2720, L_000001c0abea2e00, C4<1>, C4<1>;
L_000001c0abae9860 .functor BUFZ 32, L_000001c0abeff190, C4<00000000000000000000000000000000>, C4<00000000000000000000000000000000>, C4<00000000000000000000000000000000>;
L_000001c0abae98d0 .functor AND 1, v000001c0abea1e30_0, v000001c0abea05d0_0, C4<1>, C4<1>;
L_000001c0abae9cc0 .functor AND 1, L_000001c0abae98d0, v000001c0abea1ed0_0, C4<1>, C4<1>;
L_000001c0abea6670 .functor BUFT 1, C4<0>, C4<0>, C4<0>, C4<0>;
v000001c0abae8fc0_0 .net/2u *"_ivl_100", 0 0, L_000001c0abea6670;  1 drivers
v000001c0abae8b60_0 .net *"_ivl_102", 5 0, L_000001c0abea2360;  1 drivers
L_000001c0abea66b8 .functor BUFT 1, C4<1>, C4<0>, C4<0>, C4<0>;
v000001c0abae8c00_0 .net/2u *"_ivl_106", 0 0, L_000001c0abea66b8;  1 drivers
L_000001c0abea6700 .functor BUFT 1, C4<1>, C4<0>, C4<0>, C4<0>;
v000001c0abae7300_0 .net/2u *"_ivl_110", 0 0, L_000001c0abea6700;  1 drivers
v000001c0abae73a0_0 .net *"_ivl_114", 21 0, L_000001c0abea3620;  1 drivers
L_000001c0abea6748 .functor BUFT 1, C4<00000000000>, C4<0>, C4<0>, C4<0>;
v000001c0abae7440_0 .net *"_ivl_117", 10 0, L_000001c0abea6748;  1 drivers
v000001c0abae7620_0 .net *"_ivl_118", 21 0, L_000001c0abea24a0;  1 drivers
L_000001c0abea62c8 .functor BUFT 1, C4<00000>, C4<0>, C4<0>, C4<0>;
v000001c0abae7ee0_0 .net/2u *"_ivl_12", 4 0, L_000001c0abea62c8;  1 drivers
L_000001c0abea6790 .functor BUFT 1, C4<00000000000>, C4<0>, C4<0>, C4<0>;
v000001c0abae7b20_0 .net *"_ivl_121", 10 0, L_000001c0abea6790;  1 drivers
v000001c0abae7c60_0 .net *"_ivl_127", 10 0, L_000001c0abea2d60;  1 drivers
v000001c0abb590e0_0 .net *"_ivl_129", 10 0, L_000001c0abea36c0;  1 drivers
L_000001c0abea67d8 .functor BUFT 1, C4<001111>, C4<0>, C4<0>, C4<0>;
v000001c0abb59040_0 .net/2u *"_ivl_132", 5 0, L_000001c0abea67d8;  1 drivers
v000001c0abb59220_0 .net *"_ivl_134", 5 0, L_000001c0abea2680;  1 drivers
L_000001c0abea6820 .functor BUFT 1, C4<00000>, C4<0>, C4<0>, C4<0>;
v000001c0abb59a40_0 .net/2u *"_ivl_136", 4 0, L_000001c0abea6820;  1 drivers
v000001c0abb5ac60_0 .net *"_ivl_138", 5 0, L_000001c0abea38a0;  1 drivers
v000001c0abb59d60_0 .net *"_ivl_14", 0 0, L_000001c0abea39e0;  1 drivers
v000001c0abb59360_0 .net *"_ivl_143", 0 0, L_000001c0abea2180;  1 drivers
v000001c0abb5a4e0_0 .net *"_ivl_144", 31 0, L_000001c0abea3940;  1 drivers
L_000001c0abea6868 .functor BUFT 1, C4<0000000000000000000000000000000>, C4<0>, C4<0>, C4<0>;
v000001c0abb5a800_0 .net *"_ivl_147", 30 0, L_000001c0abea6868;  1 drivers
L_000001c0abea68b0 .functor BUFT 1, C4<00000000000000000000000000000000>, C4<0>, C4<0>, C4<0>;
v000001c0abb5a620_0 .net/2u *"_ivl_148", 31 0, L_000001c0abea68b0;  1 drivers
v000001c0abb59ea0_0 .net *"_ivl_150", 0 0, L_000001c0abea2720;  1 drivers
v000001c0abb5ab20_0 .net *"_ivl_153", 4 0, L_000001c0abea3b20;  1 drivers
L_000001c0abea68f8 .functor BUFT 1, C4<11110>, C4<0>, C4<0>, C4<0>;
v000001c0abb5a1c0_0 .net/2u *"_ivl_154", 4 0, L_000001c0abea68f8;  1 drivers
v000001c0abb59540_0 .net *"_ivl_156", 0 0, L_000001c0abea2e00;  1 drivers
L_000001c0abea6310 .functor BUFT 1, C4<0000000000>, C4<0>, C4<0>, C4<0>;
v000001c0abb59ae0_0 .net/2u *"_ivl_16", 9 0, L_000001c0abea6310;  1 drivers
L_000001c0abea6940 .functor BUFT 1, C4<11110>, C4<0>, C4<0>, C4<0>;
v000001c0abb599a0_0 .net/2u *"_ivl_162", 4 0, L_000001c0abea6940;  1 drivers
L_000001c0abea6988 .functor BUFT 1, C4<00000>, C4<0>, C4<0>, C4<0>;
v000001c0abb59400_0 .net/2u *"_ivl_164", 4 0, L_000001c0abea6988;  1 drivers
v000001c0abb5a300_0 .net *"_ivl_167", 4 0, L_000001c0abea27c0;  1 drivers
v000001c0abb5a6c0_0 .net *"_ivl_168", 4 0, L_000001c0abea2860;  1 drivers
L_000001c0abea69d0 .functor BUFT 1, C4<0000000000>, C4<0>, C4<0>, C4<0>;
v000001c0abb59900_0 .net/2u *"_ivl_172", 9 0, L_000001c0abea69d0;  1 drivers
v000001c0abb59e00_0 .net *"_ivl_175", 9 0, L_000001c0abea2a40;  1 drivers
L_000001c0abea6a18 .functor BUFT 1, C4<11111>, C4<0>, C4<0>, C4<0>;
v000001c0abb59f40_0 .net/2u *"_ivl_178", 4 0, L_000001c0abea6a18;  1 drivers
v000001c0abb5a3a0_0 .net *"_ivl_18", 0 0, L_000001c0abea3da0;  1 drivers
L_000001c0abea6a60 .functor BUFT 1, C4<0000000001>, C4<0>, C4<0>, C4<0>;
v000001c0abb59cc0_0 .net/2u *"_ivl_180", 9 0, L_000001c0abea6a60;  1 drivers
v000001c0abb5a760_0 .net *"_ivl_182", 15 0, L_000001c0abefe790;  1 drivers
L_000001c0abea6aa8 .functor BUFT 1, C4<11111>, C4<0>, C4<0>, C4<0>;
v000001c0abb5a440_0 .net/2u *"_ivl_184", 4 0, L_000001c0abea6aa8;  1 drivers
L_000001c0abea6af0 .functor BUFT 1, C4<0000000000>, C4<0>, C4<0>, C4<0>;
v000001c0abb594a0_0 .net/2u *"_ivl_186", 9 0, L_000001c0abea6af0;  1 drivers
v000001c0abb595e0_0 .net *"_ivl_188", 15 0, L_000001c0abeff550;  1 drivers
L_000001c0abea6b38 .functor BUFT 1, C4<000000000000000>, C4<0>, C4<0>, C4<0>;
v000001c0abb5a120_0 .net/2u *"_ivl_190", 14 0, L_000001c0abea6b38;  1 drivers
v000001c0abb5a080_0 .net *"_ivl_192", 15 0, L_000001c0abefefb0;  1 drivers
v000001c0abb5a580_0 .net *"_ivl_194", 15 0, L_000001c0abeff910;  1 drivers
v000001c0abb59fe0_0 .net *"_ivl_196", 15 0, L_000001c0abefe470;  1 drivers
v000001c0abb5ad00_0 .net *"_ivl_198", 15 0, L_000001c0abefe510;  1 drivers
v000001c0abb592c0_0 .net *"_ivl_203", 0 0, L_000001c0abeff9b0;  1 drivers
v000001c0abb5ae40_0 .net *"_ivl_204", 15 0, L_000001c0abeffd70;  1 drivers
v000001c0abb5a260_0 .net *"_ivl_210", 0 0, L_000001c0abae98d0;  1 drivers
L_000001c0abea6358 .functor BUFT 1, C4<00000>, C4<0>, C4<0>, C4<0>;
v000001c0abb5a8a0_0 .net/2u *"_ivl_22", 4 0, L_000001c0abea6358;  1 drivers
v000001c0abb5a9e0_0 .net *"_ivl_24", 0 0, L_000001c0abea2c20;  1 drivers
L_000001c0abea63a0 .functor BUFT 1, C4<0000000000>, C4<0>, C4<0>, C4<0>;
v000001c0abb58fa0_0 .net/2u *"_ivl_26", 9 0, L_000001c0abea63a0;  1 drivers
v000001c0abb5ada0_0 .net *"_ivl_28", 0 0, L_000001c0abea3760;  1 drivers
L_000001c0abea63e8 .functor BUFT 1, C4<11111>, C4<0>, C4<0>, C4<0>;
v000001c0abb5abc0_0 .net/2u *"_ivl_32", 4 0, L_000001c0abea63e8;  1 drivers
v000001c0abb5a940_0 .net *"_ivl_34", 0 0, L_000001c0abea3e40;  1 drivers
L_000001c0abea6430 .functor BUFT 1, C4<0000000000>, C4<0>, C4<0>, C4<0>;
v000001c0abb5aa80_0 .net/2u *"_ivl_36", 9 0, L_000001c0abea6430;  1 drivers
v000001c0abb59180_0 .net *"_ivl_38", 0 0, L_000001c0abea3300;  1 drivers
L_000001c0abea6478 .functor BUFT 1, C4<11111>, C4<0>, C4<0>, C4<0>;
v000001c0abb59680_0 .net/2u *"_ivl_42", 4 0, L_000001c0abea6478;  1 drivers
v000001c0abb59720_0 .net *"_ivl_44", 0 0, L_000001c0abea2220;  1 drivers
L_000001c0abea64c0 .functor BUFT 1, C4<0000000000>, C4<0>, C4<0>, C4<0>;
v000001c0abb597c0_0 .net/2u *"_ivl_46", 9 0, L_000001c0abea64c0;  1 drivers
v000001c0abb59860_0 .net *"_ivl_48", 0 0, L_000001c0abea3120;  1 drivers
L_000001c0abea6508 .functor BUFT 1, C4<11111>, C4<0>, C4<0>, C4<0>;
v000001c0abb59b80_0 .net/2u *"_ivl_52", 4 0, L_000001c0abea6508;  1 drivers
v000001c0abb59c20_0 .net *"_ivl_54", 0 0, L_000001c0abea3800;  1 drivers
L_000001c0abea6550 .functor BUFT 1, C4<0000000000>, C4<0>, C4<0>, C4<0>;
v000001c0abb5be40_0 .net/2u *"_ivl_56", 9 0, L_000001c0abea6550;  1 drivers
v000001c0abb5cb60_0 .net *"_ivl_58", 0 0, L_000001c0abea31c0;  1 drivers
L_000001c0abea6598 .functor BUFT 1, C4<11111>, C4<0>, C4<0>, C4<0>;
v000001c0abb5c340_0 .net/2u *"_ivl_62", 4 0, L_000001c0abea6598;  1 drivers
v000001c0abb5c0c0_0 .net *"_ivl_64", 0 0, L_000001c0abea3260;  1 drivers
L_000001c0abea65e0 .functor BUFT 1, C4<0000000000>, C4<0>, C4<0>, C4<0>;
v000001c0abb5bd00_0 .net/2u *"_ivl_66", 9 0, L_000001c0abea65e0;  1 drivers
v000001c0abb5ca20_0 .net *"_ivl_68", 0 0, L_000001c0abea2cc0;  1 drivers
v000001c0abb5b9e0_0 .net *"_ivl_72", 0 0, L_000001c0abae9f60;  1 drivers
v000001c0abb5c160_0 .net *"_ivl_74", 0 0, L_000001c0abae9a20;  1 drivers
v000001c0abb5b440_0 .net *"_ivl_76", 0 0, L_000001c0abae9a90;  1 drivers
v000001c0abb5c980_0 .net *"_ivl_78", 0 0, L_000001c0abae95c0;  1 drivers
v000001c0abb5bb20_0 .net *"_ivl_82", 0 0, L_000001c0abae9470;  1 drivers
v000001c0abb5b8a0_0 .net *"_ivl_85", 0 0, L_000001c0abea2400;  1 drivers
v000001c0abb5cd40_0 .net *"_ivl_88", 0 0, L_000001c0abae9be0;  1 drivers
v000001c0abb5c700_0 .net *"_ivl_91", 0 0, L_000001c0abea22c0;  1 drivers
L_000001c0abea6628 .functor BUFT 1, C4<0>, C4<0>, C4<0>, C4<0>;
v000001c0abb5bbc0_0 .net/2u *"_ivl_96", 0 0, L_000001c0abea6628;  1 drivers
v000001c0abb5cac0_0 .net *"_ivl_98", 5 0, L_000001c0abea3440;  1 drivers
v000001c0abb5c660_0 .net "_unused", 0 0, L_000001c0abae9cc0;  1 drivers
v000001c0abb5c480_0 .net "a", 15 0, v000001c0abea12f0_0;  1 drivers
v000001c0abb5b940_0 .net "a_inf", 0 0, L_000001c0abae94e0;  1 drivers
v000001c0abb5c5c0_0 .net "a_nan", 0 0, L_000001c0abae9780;  1 drivers
v000001c0abb5bc60_0 .net "a_zero", 0 0, L_000001c0abae9d30;  1 drivers
v000001c0abb5bee0_0 .net "b", 15 0, v000001c0abea1930_0;  1 drivers
v000001c0abb5b3a0_0 .net "b_inf", 0 0, L_000001c0abae9b00;  1 drivers
v000001c0abb5cc00_0 .net "b_nan", 0 0, L_000001c0abae9550;  1 drivers
v000001c0abb5c3e0_0 .net "b_zero", 0 0, L_000001c0abae9ef0;  1 drivers
v000001c0abb5c520_0 .net "clk", 0 0, v000001c0abea1e30_0;  alias, 1 drivers
v000001c0abb5ba80_0 .net "ea", 4 0, L_000001c0abea20e0;  1 drivers
v000001c0abb5cf20_0 .net "eb", 4 0, L_000001c0abea3a80;  1 drivers
v000001c0abb5bda0_0 .net "en", 0 0, v000001c0abea1ed0_0;  alias, 1 drivers
v000001c0abb5c200_0 .net "exp_ovf", 0 0, L_000001c0abae97f0;  1 drivers
v000001c0abb5cca0_0 .net "exp_r", 4 0, L_000001c0abea2900;  1 drivers
v000001c0abb5c7a0_0 .net "exp_raw", 5 0, L_000001c0abea3f80;  1 drivers
v000001c0abb5c840_0 .net "exp_sum", 5 0, L_000001c0abea2b80;  1 drivers
v000001c0abb5bf80_0 .net "exp_unf", 0 0, L_000001c0abea29a0;  1 drivers
v000001c0abb5c020_0 .net "fp16_ext", 31 0, L_000001c0abeff190;  1 drivers
v000001c0abb5c8e0_0 .net "fp16_result", 15 0, L_000001c0abeff050;  1 drivers
v000001c0abb5b1c0_0 .net "is_inf", 0 0, L_000001c0abae9630;  1 drivers
v000001c0abb5cde0_0 .net "is_nan", 0 0, L_000001c0abae9b70;  1 drivers
v000001c0abb5ce80_0 .net "is_zero", 0 0, L_000001c0abae96a0;  1 drivers
v000001c0abb5c2a0_0 .net "ma", 9 0, L_000001c0abea3bc0;  1 drivers
v000001c0abb5cfc0_0 .net "mant_a", 10 0, L_000001c0abea34e0;  1 drivers
v000001c0abb5d060_0 .net "mant_b", 10 0, L_000001c0abea3580;  1 drivers
v000001c0abb5b260_0 .net "mant_norm", 10 0, L_000001c0abea25e0;  1 drivers
v000001c0abb5b300_0 .net "mant_prod", 21 0, L_000001c0abea3ee0;  1 drivers
v000001c0abb5b4e0_0 .net "mant_r", 9 0, L_000001c0abeff870;  1 drivers
v000001c0abb5b580_0 .net "mb", 9 0, L_000001c0abea2fe0;  1 drivers
v000001c0abb5b620_0 .net "norm_shift", 0 0, L_000001c0abea2ea0;  1 drivers
v000001c0abb5b6c0_0 .net "result", 31 0, L_000001c0abae9860;  alias, 1 drivers
v000001c0abb5b760_0 .net "rst_n", 0 0, v000001c0abea05d0_0;  alias, 1 drivers
v000001c0abb5b800_0 .net "sa", 0 0, L_000001c0abea33a0;  1 drivers
v000001c0abea0d50_0 .net "sb", 0 0, L_000001c0abea2ae0;  1 drivers
v000001c0abea1430_0 .net "sign_r", 0 0, L_000001c0abaea0b0;  1 drivers
L_000001c0abea33a0 .part v000001c0abea12f0_0, 15, 1;
L_000001c0abea20e0 .part v000001c0abea12f0_0, 10, 5;
L_000001c0abea3bc0 .part v000001c0abea12f0_0, 0, 10;
L_000001c0abea2ae0 .part v000001c0abea1930_0, 15, 1;
L_000001c0abea3a80 .part v000001c0abea1930_0, 10, 5;
L_000001c0abea2fe0 .part v000001c0abea1930_0, 0, 10;
L_000001c0abea39e0 .cmp/eq 5, L_000001c0abea20e0, L_000001c0abea62c8;
L_000001c0abea3da0 .cmp/eq 10, L_000001c0abea3bc0, L_000001c0abea6310;
L_000001c0abea2c20 .cmp/eq 5, L_000001c0abea3a80, L_000001c0abea6358;
L_000001c0abea3760 .cmp/eq 10, L_000001c0abea2fe0, L_000001c0abea63a0;
L_000001c0abea3e40 .cmp/eq 5, L_000001c0abea20e0, L_000001c0abea63e8;
L_000001c0abea3300 .cmp/eq 10, L_000001c0abea3bc0, L_000001c0abea6430;
L_000001c0abea2220 .cmp/eq 5, L_000001c0abea3a80, L_000001c0abea6478;
L_000001c0abea3120 .cmp/eq 10, L_000001c0abea2fe0, L_000001c0abea64c0;
L_000001c0abea3800 .cmp/eq 5, L_000001c0abea20e0, L_000001c0abea6508;
L_000001c0abea31c0 .cmp/ne 10, L_000001c0abea3bc0, L_000001c0abea6550;
L_000001c0abea3260 .cmp/eq 5, L_000001c0abea3a80, L_000001c0abea6598;
L_000001c0abea2cc0 .cmp/ne 10, L_000001c0abea2fe0, L_000001c0abea65e0;
L_000001c0abea2400 .reduce/nor L_000001c0abae9b70;
L_000001c0abea22c0 .reduce/nor L_000001c0abae9b70;
L_000001c0abea3440 .concat [ 5 1 0 0], L_000001c0abea20e0, L_000001c0abea6628;
L_000001c0abea2360 .concat [ 5 1 0 0], L_000001c0abea3a80, L_000001c0abea6670;
L_000001c0abea2b80 .arith/sum 6, L_000001c0abea3440, L_000001c0abea2360;
L_000001c0abea34e0 .concat [ 10 1 0 0], L_000001c0abea3bc0, L_000001c0abea66b8;
L_000001c0abea3580 .concat [ 10 1 0 0], L_000001c0abea2fe0, L_000001c0abea6700;
L_000001c0abea3620 .concat [ 11 11 0 0], L_000001c0abea34e0, L_000001c0abea6748;
L_000001c0abea24a0 .concat [ 11 11 0 0], L_000001c0abea3580, L_000001c0abea6790;
L_000001c0abea3ee0 .arith/mult 22, L_000001c0abea3620, L_000001c0abea24a0;
L_000001c0abea2ea0 .part L_000001c0abea3ee0, 21, 1;
L_000001c0abea2d60 .part L_000001c0abea3ee0, 11, 11;
L_000001c0abea36c0 .part L_000001c0abea3ee0, 10, 11;
L_000001c0abea25e0 .functor MUXZ 11, L_000001c0abea36c0, L_000001c0abea2d60, L_000001c0abea2ea0, C4<>;
L_000001c0abea2680 .arith/sub 6, L_000001c0abea2b80, L_000001c0abea67d8;
L_000001c0abea38a0 .concat [ 1 5 0 0], L_000001c0abea2ea0, L_000001c0abea6820;
L_000001c0abea3f80 .arith/sum 6, L_000001c0abea2680, L_000001c0abea38a0;
L_000001c0abea2180 .part L_000001c0abea3f80, 5, 1;
L_000001c0abea3940 .concat [ 1 31 0 0], L_000001c0abea2180, L_000001c0abea6868;
L_000001c0abea2720 .cmp/eq 32, L_000001c0abea3940, L_000001c0abea68b0;
L_000001c0abea3b20 .part L_000001c0abea3f80, 0, 5;
L_000001c0abea2e00 .cmp/gt 5, L_000001c0abea3b20, L_000001c0abea68f8;
L_000001c0abea29a0 .part L_000001c0abea3f80, 5, 1;
L_000001c0abea27c0 .part L_000001c0abea3f80, 0, 5;
L_000001c0abea2860 .functor MUXZ 5, L_000001c0abea27c0, L_000001c0abea6988, L_000001c0abea29a0, C4<>;
L_000001c0abea2900 .functor MUXZ 5, L_000001c0abea2860, L_000001c0abea6940, L_000001c0abae97f0, C4<>;
L_000001c0abea2a40 .part L_000001c0abea25e0, 0, 10;
L_000001c0abeff870 .functor MUXZ 10, L_000001c0abea2a40, L_000001c0abea69d0, L_000001c0abea29a0, C4<>;
L_000001c0abefe790 .concat [ 10 5 1 0], L_000001c0abea6a60, L_000001c0abea6a18, L_000001c0abaea0b0;
L_000001c0abeff550 .concat [ 10 5 1 0], L_000001c0abea6af0, L_000001c0abea6aa8, L_000001c0abaea0b0;
L_000001c0abefefb0 .concat [ 15 1 0 0], L_000001c0abea6b38, L_000001c0abaea0b0;
L_000001c0abeff910 .concat [ 10 5 1 0], L_000001c0abeff870, L_000001c0abea2900, L_000001c0abaea0b0;
L_000001c0abefe470 .functor MUXZ 16, L_000001c0abeff910, L_000001c0abefefb0, L_000001c0abae96a0, C4<>;
L_000001c0abefe510 .functor MUXZ 16, L_000001c0abefe470, L_000001c0abeff550, L_000001c0abae9630, C4<>;
L_000001c0abeff050 .functor MUXZ 16, L_000001c0abefe510, L_000001c0abefe790, L_000001c0abae9b70, C4<>;
L_000001c0abeff9b0 .part L_000001c0abeff050, 15, 1;
LS_000001c0abeffd70_0_0 .concat [ 1 1 1 1], L_000001c0abeff9b0, L_000001c0abeff9b0, L_000001c0abeff9b0, L_000001c0abeff9b0;
LS_000001c0abeffd70_0_4 .concat [ 1 1 1 1], L_000001c0abeff9b0, L_000001c0abeff9b0, L_000001c0abeff9b0, L_000001c0abeff9b0;
LS_000001c0abeffd70_0_8 .concat [ 1 1 1 1], L_000001c0abeff9b0, L_000001c0abeff9b0, L_000001c0abeff9b0, L_000001c0abeff9b0;
LS_000001c0abeffd70_0_12 .concat [ 1 1 1 1], L_000001c0abeff9b0, L_000001c0abeff9b0, L_000001c0abeff9b0, L_000001c0abeff9b0;
L_000001c0abeffd70 .concat [ 4 4 4 4], LS_000001c0abeffd70_0_0, LS_000001c0abeffd70_0_4, LS_000001c0abeffd70_0_8, LS_000001c0abeffd70_0_12;
L_000001c0abeff190 .concat [ 16 16 0 0], L_000001c0abeff050, L_000001c0abeffd70;
    .scope S_000001c0aba51580;
T_1 ;
    %wait E_000001c0abae2470;
    %load/vec4 v000001c0abea11b0_0;
    %nor/r;
    %flag_set/vec4 8;
    %jmp/0xz  T_1.0, 8;
    %pushi/vec4 0, 0, 16;
    %assign/vec4 v000001c0abea12f0_0, 0;
    %pushi/vec4 0, 0, 16;
    %assign/vec4 v000001c0abea1930_0, 0;
    %pushi/vec4 0, 0, 1;
    %assign/vec4 v000001c0abea1070_0, 0;
    %pushi/vec4 0, 0, 1;
    %assign/vec4 v000001c0abea1750_0, 0;
    %pushi/vec4 0, 0, 1;
    %assign/vec4 v000001c0abea0ad0_0, 0;
    %pushi/vec4 0, 0, 1;
    %assign/vec4 v000001c0abea0fd0_0, 0;
    %pushi/vec4 0, 0, 16;
    %assign/vec4 v000001c0abea1bb0_0, 0;
    %jmp T_1.1;
T_1.0 ;
    %load/vec4 v000001c0abea1110_0;
    %flag_set/vec4 8;
    %jmp/0xz  T_1.2, 8;
    %load/vec4 v000001c0abea0710_0;
    %assign/vec4 v000001c0abea0ad0_0, 0;
    %load/vec4 v000001c0abea0850_0;
    %assign/vec4 v000001c0abea0fd0_0, 0;
    %load/vec4 v000001c0abea1250_0;
    %assign/vec4 v000001c0abea1750_0, 0;
    %pushi/vec4 1, 0, 1;
    %assign/vec4 v000001c0abea1070_0, 0;
    %load/vec4 v000001c0abea0850_0;
    %cmpi/e 0, 0, 1;
    %jmp/0xz  T_1.4, 4;
    %load/vec4 v000001c0abea07b0_0;
    %assign/vec4 v000001c0abea12f0_0, 0;
    %load/vec4 v000001c0abea1a70_0;
    %assign/vec4 v000001c0abea1930_0, 0;
    %jmp T_1.5;
T_1.4 ;
    %load/vec4 v000001c0abea07b0_0;
    %assign/vec4 v000001c0abea12f0_0, 0;
    %load/vec4 v000001c0abea1a70_0;
    %assign/vec4 v000001c0abea1930_0, 0;
T_1.5 ;
    %jmp T_1.3;
T_1.2 ;
    %pushi/vec4 0, 0, 1;
    %assign/vec4 v000001c0abea1070_0, 0;
    %load/vec4 v000001c0abea1250_0;
    %assign/vec4 v000001c0abea1750_0, 0;
T_1.3 ;
T_1.1 ;
    %jmp T_1;
    .thread T_1;
    .scope S_000001c0aba51580;
T_2 ;
    %wait E_000001c0abae2470;
    %load/vec4 v000001c0abea11b0_0;
    %nor/r;
    %flag_set/vec4 8;
    %jmp/0xz  T_2.0, 8;
    %pushi/vec4 0, 0, 32;
    %assign/vec4 v000001c0abea0b70_0, 0;
    %pushi/vec4 0, 0, 1;
    %assign/vec4 v000001c0abea0e90_0, 0;
    %pushi/vec4 0, 0, 1;
    %assign/vec4 v000001c0abea0df0_0, 0;
    %pushi/vec4 0, 0, 1;
    %assign/vec4 v000001c0abea0490_0, 0;
    %pushi/vec4 0, 0, 32;
    %assign/vec4 v000001c0abea0670_0, 0;
    %jmp T_2.1;
T_2.0 ;
    %load/vec4 v000001c0abea1070_0;
    %flag_set/vec4 8;
    %jmp/0xz  T_2.2, 8;
    %load/vec4 v000001c0abea1070_0;
    %assign/vec4 v000001c0abea0e90_0, 0;
    %load/vec4 v000001c0abea1750_0;
    %assign/vec4 v000001c0abea0df0_0, 0;
    %load/vec4 v000001c0abea0fd0_0;
    %assign/vec4 v000001c0abea0490_0, 0;
    %load/vec4 v000001c0abea1570_0;
    %assign/vec4 v000001c0abea0670_0, 0;
    %load/vec4 v000001c0abea0ad0_0;
    %flag_set/vec4 8;
    %jmp/0 T_2.4, 8;
    %load/vec4 v000001c0abea0170_0;
    %jmp/1 T_2.5, 8;
T_2.4 ; End of true expr.
    %load/vec4 v000001c0abea0210_0;
    %jmp/0 T_2.5, 8;
 ; End of false expr.
    %blend;
T_2.5;
    %assign/vec4 v000001c0abea0b70_0, 0;
    %jmp T_2.3;
T_2.2 ;
    %pushi/vec4 0, 0, 1;
    %assign/vec4 v000001c0abea0e90_0, 0;
T_2.3 ;
T_2.1 ;
    %jmp T_2;
    .thread T_2;
    .scope S_000001c0aba51580;
T_3 ;
    %wait E_000001c0abae2470;
    %load/vec4 v000001c0abea11b0_0;
    %nor/r;
    %flag_set/vec4 8;
    %jmp/0xz  T_3.0, 8;
    %pushi/vec4 0, 0, 32;
    %assign/vec4 v000001c0abea1890_0, 0;
    %pushi/vec4 0, 0, 32;
    %assign/vec4 v000001c0abea1c50_0, 0;
    %pushi/vec4 0, 0, 1;
    %assign/vec4 v000001c0abea17f0_0, 0;
    %jmp T_3.1;
T_3.0 ;
    %pushi/vec4 0, 0, 1;
    %assign/vec4 v000001c0abea17f0_0, 0;
    %load/vec4 v000001c0abea0e90_0;
    %flag_set/vec4 8;
    %jmp/0xz  T_3.2, 8;
    %load/vec4 v000001c0abea0490_0;
    %cmpi/e 0, 0, 1;
    %jmp/0xz  T_3.4, 4;
    %load/vec4 v000001c0abea0670_0;
    %load/vec4 v000001c0abea0b70_0;
    %add;
    %assign/vec4 v000001c0abea1c50_0, 0;
    %pushi/vec4 1, 0, 1;
    %assign/vec4 v000001c0abea17f0_0, 0;
    %jmp T_3.5;
T_3.4 ;
    %load/vec4 v000001c0abea0df0_0;
    %flag_set/vec4 8;
    %jmp/0xz  T_3.6, 8;
    %load/vec4 v000001c0abea1890_0;
    %assign/vec4 v000001c0abea1c50_0, 0;
    %pushi/vec4 0, 0, 32;
    %assign/vec4 v000001c0abea1890_0, 0;
    %pushi/vec4 1, 0, 1;
    %assign/vec4 v000001c0abea17f0_0, 0;
    %jmp T_3.7;
T_3.6 ;
    %load/vec4 v000001c0abea1890_0;
    %load/vec4 v000001c0abea0b70_0;
    %add;
    %assign/vec4 v000001c0abea1890_0, 0;
T_3.7 ;
T_3.5 ;
T_3.2 ;
T_3.1 ;
    %jmp T_3;
    .thread T_3;
    .scope S_000001c0abac8b30;
T_4 ;
    %pushi/vec4 0, 0, 32;
    %store/vec4 v000001c0abea0cb0_0, 0, 32;
    %end;
    .thread T_4, $init;
    .scope S_000001c0abac8b30;
T_5 ;
    %pushi/vec4 0, 0, 1;
    %store/vec4 v000001c0abea1e30_0, 0, 1;
    %end;
    .thread T_5;
    .scope S_000001c0abac8b30;
T_6 ;
    %delay 5000, 0;
    %load/vec4 v000001c0abea1e30_0;
    %inv;
    %store/vec4 v000001c0abea1e30_0, 0, 1;
    %jmp T_6;
    .thread T_6;
    .scope S_000001c0abac8b30;
T_7 ;
    %wait E_000001c0abae2470;
    %load/vec4 v000001c0abea0cb0_0;
    %addi 1, 0, 32;
    %store/vec4 v000001c0abea0cb0_0, 0, 32;
    %jmp T_7;
    .thread T_7;
    .scope S_000001c0abac8b30;
T_8 ;
    %wait E_000001c0abae2470;
    %delay 2000, 0;
    %load/vec4 v000001c0abea0c10_0;
    %parti/s 8, 0, 2;
    %load/vec4 v000001c0abea19d0_0;
    %parti/s 8, 0, 2;
    %load/vec4 v000001c0abea1cf0_0;
    %load/vec4 v000001c0abea02b0_0;
    %vpi_call/w 3 30 "$display", "cyc=%0d | en=%b fl=%b w=%0d a=%0d acc_in=%0d | acc_out=%0d valid=%b", v000001c0abea0cb0_0, v000001c0abea1ed0_0, v000001c0abea1f70_0, S<3,vec4,s8>, S<2,vec4,s8>, S<1,vec4,s32>, S<0,vec4,s32>, v000001c0abea03f0_0 {4 0 0};
    %jmp T_8;
    .thread T_8;
    .scope S_000001c0abac8b30;
T_9 ;
    %pushi/vec4 0, 0, 1;
    %store/vec4 v000001c0abea05d0_0, 0, 1;
    %pushi/vec4 0, 0, 1;
    %store/vec4 v000001c0abea1ed0_0, 0, 1;
    %pushi/vec4 0, 0, 1;
    %store/vec4 v000001c0abea1f70_0, 0, 1;
    %pushi/vec4 0, 0, 16;
    %store/vec4 v000001c0abea0c10_0, 0, 16;
    %pushi/vec4 0, 0, 16;
    %store/vec4 v000001c0abea19d0_0, 0, 16;
    %pushi/vec4 0, 0, 32;
    %store/vec4 v000001c0abea1cf0_0, 0, 32;
    %pushi/vec4 0, 0, 1;
    %store/vec4 v000001c0abea00d0_0, 0, 1;
    %pushi/vec4 0, 0, 1;
    %store/vec4 v000001c0abea0350_0, 0, 1;
    %pushi/vec4 4, 0, 32;
T_9.0 %dup/vec4;
    %pushi/vec4 0, 0, 32;
    %cmp/s;
    %jmp/1xz T_9.1, 5;
    %jmp/1 T_9.1, 4;
    %pushi/vec4 1, 0, 32;
    %sub;
    %wait E_000001c0abae2470;
    %jmp T_9.0;
T_9.1 ;
    %pop/vec4 1;
    %pushi/vec4 1, 0, 1;
    %store/vec4 v000001c0abea05d0_0, 0, 1;
    %wait E_000001c0abae2470;
    %vpi_call/w 3 50 "$display", "\012=== WS TEST: w=3, a=1,2,3,4 ===" {0 0 0};
    %pushi/vec4 0, 0, 1;
    %store/vec4 v000001c0abea00d0_0, 0, 1;
    %pushi/vec4 0, 0, 1;
    %store/vec4 v000001c0abea0350_0, 0, 1;
    %pushi/vec4 3, 0, 16;
    %store/vec4 v000001c0abae7580_0, 0, 16;
    %pushi/vec4 1, 0, 16;
    %store/vec4 v000001c0abae7260_0, 0, 16;
    %pushi/vec4 0, 0, 32;
    %store/vec4 v000001c0abae88e0_0, 0, 32;
    %pushi/vec4 0, 0, 1;
    %store/vec4 v000001c0abae8980_0, 0, 1;
    %fork TD_tb_pe_timing.drive, S_000001c0abac8cc0;
    %join;
    %pushi/vec4 2, 0, 32;
T_9.2 %dup/vec4;
    %pushi/vec4 0, 0, 32;
    %cmp/s;
    %jmp/1xz T_9.3, 5;
    %jmp/1 T_9.3, 4;
    %pushi/vec4 1, 0, 32;
    %sub;
    %wait E_000001c0abae2470;
    %jmp T_9.2;
T_9.3 ;
    %pop/vec4 1;
    %delay 1000, 0;
    %pushi/vec4 3, 0, 16;
    %store/vec4 v000001c0abae7580_0, 0, 16;
    %pushi/vec4 2, 0, 16;
    %store/vec4 v000001c0abae7260_0, 0, 16;
    %load/vec4 v000001c0abea02b0_0;
    %store/vec4 v000001c0abae88e0_0, 0, 32;
    %pushi/vec4 0, 0, 1;
    %store/vec4 v000001c0abae8980_0, 0, 1;
    %fork TD_tb_pe_timing.drive, S_000001c0abac8cc0;
    %join;
    %pushi/vec4 2, 0, 32;
T_9.4 %dup/vec4;
    %pushi/vec4 0, 0, 32;
    %cmp/s;
    %jmp/1xz T_9.5, 5;
    %jmp/1 T_9.5, 4;
    %pushi/vec4 1, 0, 32;
    %sub;
    %wait E_000001c0abae2470;
    %jmp T_9.4;
T_9.5 ;
    %pop/vec4 1;
    %delay 1000, 0;
    %pushi/vec4 3, 0, 16;
    %store/vec4 v000001c0abae7580_0, 0, 16;
    %pushi/vec4 3, 0, 16;
    %store/vec4 v000001c0abae7260_0, 0, 16;
    %load/vec4 v000001c0abea02b0_0;
    %store/vec4 v000001c0abae88e0_0, 0, 32;
    %pushi/vec4 0, 0, 1;
    %store/vec4 v000001c0abae8980_0, 0, 1;
    %fork TD_tb_pe_timing.drive, S_000001c0abac8cc0;
    %join;
    %pushi/vec4 2, 0, 32;
T_9.6 %dup/vec4;
    %pushi/vec4 0, 0, 32;
    %cmp/s;
    %jmp/1xz T_9.7, 5;
    %jmp/1 T_9.7, 4;
    %pushi/vec4 1, 0, 32;
    %sub;
    %wait E_000001c0abae2470;
    %jmp T_9.6;
T_9.7 ;
    %pop/vec4 1;
    %delay 1000, 0;
    %pushi/vec4 3, 0, 16;
    %store/vec4 v000001c0abae7580_0, 0, 16;
    %pushi/vec4 4, 0, 16;
    %store/vec4 v000001c0abae7260_0, 0, 16;
    %load/vec4 v000001c0abea02b0_0;
    %store/vec4 v000001c0abae88e0_0, 0, 32;
    %pushi/vec4 0, 0, 1;
    %store/vec4 v000001c0abae8980_0, 0, 1;
    %fork TD_tb_pe_timing.drive, S_000001c0abac8cc0;
    %join;
    %pushi/vec4 3, 0, 32;
T_9.8 %dup/vec4;
    %pushi/vec4 0, 0, 32;
    %cmp/s;
    %jmp/1xz T_9.9, 5;
    %jmp/1 T_9.9, 4;
    %pushi/vec4 1, 0, 32;
    %sub;
    %wait E_000001c0abae2470;
    %jmp T_9.8;
T_9.9 ;
    %pop/vec4 1;
    %pushi/vec4 0, 0, 1;
    %store/vec4 v000001c0abea1ed0_0, 0, 1;
    %vpi_call/w 3 64 "$display", "\012=== OS TEST: w=1,2,3,4, a=2 ===" {0 0 0};
    %pushi/vec4 0, 0, 1;
    %store/vec4 v000001c0abea05d0_0, 0, 1;
    %pushi/vec4 2, 0, 32;
T_9.10 %dup/vec4;
    %pushi/vec4 0, 0, 32;
    %cmp/s;
    %jmp/1xz T_9.11, 5;
    %jmp/1 T_9.11, 4;
    %pushi/vec4 1, 0, 32;
    %sub;
    %wait E_000001c0abae2470;
    %jmp T_9.10;
T_9.11 ;
    %pop/vec4 1;
    %pushi/vec4 1, 0, 1;
    %store/vec4 v000001c0abea05d0_0, 0, 1;
    %wait E_000001c0abae2470;
    %pushi/vec4 0, 0, 1;
    %store/vec4 v000001c0abea00d0_0, 0, 1;
    %pushi/vec4 1, 0, 1;
    %store/vec4 v000001c0abea0350_0, 0, 1;
    %pushi/vec4 1, 0, 16;
    %store/vec4 v000001c0abae7580_0, 0, 16;
    %pushi/vec4 2, 0, 16;
    %store/vec4 v000001c0abae7260_0, 0, 16;
    %pushi/vec4 0, 0, 32;
    %store/vec4 v000001c0abae88e0_0, 0, 32;
    %pushi/vec4 0, 0, 1;
    %store/vec4 v000001c0abae8980_0, 0, 1;
    %fork TD_tb_pe_timing.drive, S_000001c0abac8cc0;
    %join;
    %wait E_000001c0abae2470;
    %delay 1000, 0;
    %pushi/vec4 2, 0, 16;
    %store/vec4 v000001c0abae7580_0, 0, 16;
    %pushi/vec4 2, 0, 16;
    %store/vec4 v000001c0abae7260_0, 0, 16;
    %pushi/vec4 0, 0, 32;
    %store/vec4 v000001c0abae88e0_0, 0, 32;
    %pushi/vec4 0, 0, 1;
    %store/vec4 v000001c0abae8980_0, 0, 1;
    %fork TD_tb_pe_timing.drive, S_000001c0abac8cc0;
    %join;
    %wait E_000001c0abae2470;
    %delay 1000, 0;
    %pushi/vec4 3, 0, 16;
    %store/vec4 v000001c0abae7580_0, 0, 16;
    %pushi/vec4 2, 0, 16;
    %store/vec4 v000001c0abae7260_0, 0, 16;
    %pushi/vec4 0, 0, 32;
    %store/vec4 v000001c0abae88e0_0, 0, 32;
    %pushi/vec4 0, 0, 1;
    %store/vec4 v000001c0abae8980_0, 0, 1;
    %fork TD_tb_pe_timing.drive, S_000001c0abac8cc0;
    %join;
    %wait E_000001c0abae2470;
    %delay 1000, 0;
    %pushi/vec4 4, 0, 16;
    %store/vec4 v000001c0abae7580_0, 0, 16;
    %pushi/vec4 2, 0, 16;
    %store/vec4 v000001c0abae7260_0, 0, 16;
    %pushi/vec4 0, 0, 32;
    %store/vec4 v000001c0abae88e0_0, 0, 32;
    %pushi/vec4 0, 0, 1;
    %store/vec4 v000001c0abae8980_0, 0, 1;
    %fork TD_tb_pe_timing.drive, S_000001c0abac8cc0;
    %join;
    %pushi/vec4 2, 0, 32;
T_9.12 %dup/vec4;
    %pushi/vec4 0, 0, 32;
    %cmp/s;
    %jmp/1xz T_9.13, 5;
    %jmp/1 T_9.13, 4;
    %pushi/vec4 1, 0, 32;
    %sub;
    %wait E_000001c0abae2470;
    %jmp T_9.12;
T_9.13 ;
    %pop/vec4 1;
    %delay 1000, 0;
    %pushi/vec4 0, 0, 16;
    %store/vec4 v000001c0abae7580_0, 0, 16;
    %pushi/vec4 0, 0, 16;
    %store/vec4 v000001c0abae7260_0, 0, 16;
    %pushi/vec4 0, 0, 32;
    %store/vec4 v000001c0abae88e0_0, 0, 32;
    %pushi/vec4 1, 0, 1;
    %store/vec4 v000001c0abae8980_0, 0, 1;
    %fork TD_tb_pe_timing.drive, S_000001c0abac8cc0;
    %join;
    %pushi/vec4 4, 0, 32;
T_9.14 %dup/vec4;
    %pushi/vec4 0, 0, 32;
    %cmp/s;
    %jmp/1xz T_9.15, 5;
    %jmp/1 T_9.15, 4;
    %pushi/vec4 1, 0, 32;
    %sub;
    %wait E_000001c0abae2470;
    %jmp T_9.14;
T_9.15 ;
    %pop/vec4 1;
    %pushi/vec4 0, 0, 1;
    %store/vec4 v000001c0abea1ed0_0, 0, 1;
    %pushi/vec4 2, 0, 32;
T_9.16 %dup/vec4;
    %pushi/vec4 0, 0, 32;
    %cmp/s;
    %jmp/1xz T_9.17, 5;
    %jmp/1 T_9.17, 4;
    %pushi/vec4 1, 0, 32;
    %sub;
    %wait E_000001c0abae2470;
    %jmp T_9.16;
T_9.17 ;
    %pop/vec4 1;
    %vpi_call/w 3 81 "$finish" {0 0 0};
    %end;
    .thread T_9;
    .scope S_000001c0abac8b30;
T_10 ;
    %delay 50000000, 0;
    %vpi_call/w 3 84 "$display", "TIMEOUT" {0 0 0};
    %vpi_call/w 3 84 "$finish" {0 0 0};
    %end;
    .thread T_10;
# The file index is used to find the file name in the following table.
:file_names 6;
    "N/A";
    "<interactive>";
    "-";
    "tb\tb_pe_timing.v";
    "rtl\pe\pe_top.v";
    "rtl\pe\fp16_mul.v";
