#! /c/Source/iverilog-install/bin/vvp
:ivl_version "12.0 (devel)" "(s20150603-1539-g2693dd32b)";
:ivl_delay_selection "TYPICAL";
:vpi_time_precision - 12;
:vpi_module "D:\iverilog\lib\ivl\system.vpi";
:vpi_module "D:\iverilog\lib\ivl\vhdl_sys.vpi";
:vpi_module "D:\iverilog\lib\ivl\vhdl_textio.vpi";
:vpi_module "D:\iverilog\lib\ivl\v2005_math.vpi";
:vpi_module "D:\iverilog\lib\ivl\va_math.vpi";
:vpi_module "D:\iverilog\lib\ivl\v2009.vpi";
S_000001e2406ff810 .scope package, "$unit" "$unit" 2 1;
 .timescale 0 0;
S_000001e24070ceb0 .scope module, "tb_pe_top" "tb_pe_top" 3 14;
 .timescale -9 -12;
P_000001e24069d770 .param/l "ACC_W" 0 3 20, +C4<00000000000000000000000000100000>;
P_000001e24069d7a8 .param/l "CLK_PERIOD" 0 3 21, +C4<00000000000000000000000000001010>;
P_000001e24069d7e0 .param/l "DATA_W" 0 3 19, +C4<00000000000000000000000000010000>;
v000001e240aa6bc0_0 .var "a_in", 15 0;
v000001e240aa6940_0 .var "acc_in", 31 0;
v000001e240aa7660_0 .net "acc_out", 31 0, v000001e240aa73e0_0;  1 drivers
v000001e240aa7340_0 .var "clk", 0 0;
v000001e240aa70c0_0 .var "en", 0 0;
v000001e240aa69e0_0 .var/i "fail_cnt", 31 0;
v000001e240aa7700_0 .var "flush", 0 0;
v000001e240aa77a0_0 .var/s "ia", 7 0;
v000001e240aa6b20_0 .var/s "iw", 7 0;
v000001e240aa7a20_0 .var "mode", 0 0;
v000001e240aa8310_0 .var/i "pass_cnt", 31 0;
v000001e240aa8450_0 .var "rst_n", 0 0;
v000001e240aa8810_0 .var "stat_mode", 0 0;
v000001e240aa9990_0 .net "valid_out", 0 0, v000001e240aa6580_0;  1 drivers
v000001e240aa9170_0 .var "w_in", 15 0;
S_000001e24070d040 .scope task, "check_result" "check_result" 3 101, 3 101 0, S_000001e24070ceb0;
 .timescale -9 -12;
v000001e2406e8bd0_0 .var "exp", 31 0;
v000001e2406e8c70_0 .var "got", 31 0;
v000001e2406e8d10_0 .var "test_id", 63 0;
TD_tb_pe_top.check_result ;
    %load/vec4 v000001e2406e8c70_0;
    %load/vec4 v000001e2406e8bd0_0;
    %cmp/e;
    %jmp/0xz  T_0.0, 6;
    %load/vec4 v000001e2406e8c70_0;
    %load/vec4 v000001e2406e8bd0_0;
    %vpi_call/w 3 107 "$display", "[PASS] Test %0d: got=%0d exp=%0d", v000001e2406e8d10_0, S<1,vec4,s32>, S<0,vec4,s32> {2 0 0};
    %load/vec4 v000001e240aa8310_0;
    %addi 1, 0, 32;
    %store/vec4 v000001e240aa8310_0, 0, 32;
    %jmp T_0.1;
T_0.0 ;
    %load/vec4 v000001e2406e8c70_0;
    %load/vec4 v000001e2406e8bd0_0;
    %vpi_call/w 3 110 "$display", "[FAIL] Test %0d: got=%0d exp=%0d", v000001e2406e8d10_0, S<1,vec4,s32>, S<0,vec4,s32> {2 0 0};
    %load/vec4 v000001e240aa69e0_0;
    %addi 1, 0, 32;
    %store/vec4 v000001e240aa69e0_0, 0, 32;
T_0.1 ;
    %end;
S_000001e2406a6560 .scope task, "drive_beat" "drive_beat" 3 79, 3 79 0, S_000001e24070ceb0;
 .timescale -9 -12;
v000001e2406e9210_0 .var "a", 15 0;
v000001e2406e8db0_0 .var "acc", 31 0;
v000001e2406e97b0_0 .var "fl", 0 0;
v000001e2406e8ef0_0 .var "w", 15 0;
E_000001e240704ab0 .event posedge, v000001e240aa4d90_0;
TD_tb_pe_top.drive_beat ;
    %wait E_000001e240704ab0;
    %delay 1000, 0;
    %load/vec4 v000001e2406e8ef0_0;
    %store/vec4 v000001e240aa9170_0, 0, 16;
    %load/vec4 v000001e2406e9210_0;
    %store/vec4 v000001e240aa6bc0_0, 0, 16;
    %load/vec4 v000001e2406e8db0_0;
    %store/vec4 v000001e240aa6940_0, 0, 32;
    %load/vec4 v000001e2406e97b0_0;
    %store/vec4 v000001e240aa7700_0, 0, 1;
    %pushi/vec4 1, 0, 1;
    %store/vec4 v000001e240aa70c0_0, 0, 1;
    %end;
S_000001e2406a66f0 .scope task, "reset_dut" "reset_dut" 3 67, 3 67 0, S_000001e24070ceb0;
 .timescale -9 -12;
TD_tb_pe_top.reset_dut ;
    %pushi/vec4 0, 0, 1;
    %store/vec4 v000001e240aa8450_0, 0, 1;
    %pushi/vec4 0, 0, 1;
    %store/vec4 v000001e240aa70c0_0, 0, 1;
    %pushi/vec4 0, 0, 1;
    %store/vec4 v000001e240aa7700_0, 0, 1;
    %pushi/vec4 0, 0, 16;
    %store/vec4 v000001e240aa9170_0, 0, 16;
    %pushi/vec4 0, 0, 16;
    %store/vec4 v000001e240aa6bc0_0, 0, 16;
    %pushi/vec4 0, 0, 32;
    %store/vec4 v000001e240aa6940_0, 0, 32;
    %pushi/vec4 0, 0, 1;
    %store/vec4 v000001e240aa7a20_0, 0, 1;
    %pushi/vec4 0, 0, 1;
    %store/vec4 v000001e240aa8810_0, 0, 1;
    %pushi/vec4 4, 0, 32;
T_2.2 %dup/vec4;
    %pushi/vec4 0, 0, 32;
    %cmp/s;
    %jmp/1xz T_2.3, 5;
    %jmp/1 T_2.3, 4;
    %pushi/vec4 1, 0, 32;
    %sub;
    %wait E_000001e240704ab0;
    %jmp T_2.2;
T_2.3 ;
    %pop/vec4 1;
    %pushi/vec4 1, 0, 1;
    %store/vec4 v000001e240aa8450_0, 0, 1;
    %wait E_000001e240704ab0;
    %end;
S_000001e2406624d0 .scope module, "u_pe" "pe_top" 3 44, 4 28 0, S_000001e24070ceb0;
 .timescale -9 -12;
    .port_info 0 /INPUT 1 "clk";
    .port_info 1 /INPUT 1 "rst_n";
    .port_info 2 /INPUT 1 "mode";
    .port_info 3 /INPUT 1 "stat_mode";
    .port_info 4 /INPUT 1 "en";
    .port_info 5 /INPUT 1 "flush";
    .port_info 6 /INPUT 16 "w_in";
    .port_info 7 /INPUT 16 "a_in";
    .port_info 8 /INPUT 32 "acc_in";
    .port_info 9 /OUTPUT 32 "acc_out";
    .port_info 10 /OUTPUT 1 "valid_out";
P_000001e2406d2da0 .param/l "ACC_W" 0 4 30, +C4<00000000000000000000000000100000>;
P_000001e2406d2dd8 .param/l "DATA_W" 0 4 29, +C4<00000000000000000000000000010000>;
v000001e240aa78e0_0 .net *"_ivl_11", 0 0, L_000001e240aa90d0;  1 drivers
v000001e240aa64e0_0 .net *"_ivl_12", 15 0, L_000001e240aa84f0;  1 drivers
v000001e240aa6da0_0 .net/s *"_ivl_4", 15 0, L_000001e240aa88b0;  1 drivers
v000001e240aa7b60_0 .net/s *"_ivl_6", 15 0, L_000001e240aa9df0;  1 drivers
v000001e240aa7e80_0 .net "a_in", 15 0, v000001e240aa6bc0_0;  1 drivers
v000001e240aa6440_0 .net "acc_in", 31 0, v000001e240aa6940_0;  1 drivers
v000001e240aa73e0_0 .var "acc_out", 31 0;
v000001e240aa68a0_0 .net "clk", 0 0, v000001e240aa7340_0;  1 drivers
v000001e240aa6f80_0 .net "en", 0 0, v000001e240aa70c0_0;  1 drivers
v000001e240aa7480_0 .net "flush", 0 0, v000001e240aa7700_0;  1 drivers
v000001e240aa7840_0 .net "fp16_mul_out", 31 0, L_000001e240b04e90;  1 drivers
v000001e240aa7ca0_0 .net/s "int8_a", 7 0, L_000001e240aa8ef0;  1 drivers
v000001e240aa7520_0 .net/s "int8_mul_16", 15 0, L_000001e240aa9ad0;  1 drivers
v000001e240aa7d40_0 .net "int8_prod", 31 0, L_000001e240aa8b30;  1 drivers
v000001e240aa7c00_0 .net/s "int8_w", 7 0, L_000001e240aa97b0;  1 drivers
v000001e240aa7160_0 .net "mode", 0 0, v000001e240aa7a20_0;  1 drivers
v000001e240aa6e40_0 .var "os_acc", 31 0;
v000001e240aa7fc0_0 .net "rst_n", 0 0, v000001e240aa8450_0;  1 drivers
v000001e240aa72a0_0 .var "s0_a", 15 0;
v000001e240aa6760_0 .var "s0_flush", 0 0;
v000001e240aa6120_0 .var "s0_mode", 0 0;
v000001e240aa61c0_0 .var "s0_stat", 0 0;
v000001e240aa6800_0 .var "s0_valid", 0 0;
v000001e240aa7200_0 .var "s0_w", 15 0;
v000001e240aa6260_0 .var "s1_acc_in", 31 0;
v000001e240aa7de0_0 .var "s1_flush", 0 0;
v000001e240aa7f20_0 .var "s1_mul", 31 0;
v000001e240aa75c0_0 .var "s1_stat", 0 0;
v000001e240aa63a0_0 .var "s1_valid", 0 0;
v000001e240aa7020_0 .net "stat_mode", 0 0, v000001e240aa8810_0;  1 drivers
v000001e240aa6580_0 .var "valid_out", 0 0;
v000001e240aa6620_0 .net "w_in", 15 0, v000001e240aa9170_0;  1 drivers
v000001e240aa66c0_0 .var "weight_reg", 15 0;
L_000001e240aa97b0 .part v000001e240aa7200_0, 0, 8;
L_000001e240aa8ef0 .part v000001e240aa72a0_0, 0, 8;
L_000001e240aa88b0 .extend/s 16, L_000001e240aa97b0;
L_000001e240aa9df0 .extend/s 16, L_000001e240aa8ef0;
L_000001e240aa9ad0 .arith/mult 16, L_000001e240aa88b0, L_000001e240aa9df0;
L_000001e240aa90d0 .part L_000001e240aa9ad0, 15, 1;
LS_000001e240aa84f0_0_0 .concat [ 1 1 1 1], L_000001e240aa90d0, L_000001e240aa90d0, L_000001e240aa90d0, L_000001e240aa90d0;
LS_000001e240aa84f0_0_4 .concat [ 1 1 1 1], L_000001e240aa90d0, L_000001e240aa90d0, L_000001e240aa90d0, L_000001e240aa90d0;
LS_000001e240aa84f0_0_8 .concat [ 1 1 1 1], L_000001e240aa90d0, L_000001e240aa90d0, L_000001e240aa90d0, L_000001e240aa90d0;
LS_000001e240aa84f0_0_12 .concat [ 1 1 1 1], L_000001e240aa90d0, L_000001e240aa90d0, L_000001e240aa90d0, L_000001e240aa90d0;
L_000001e240aa84f0 .concat [ 4 4 4 4], LS_000001e240aa84f0_0_0, LS_000001e240aa84f0_0_4, LS_000001e240aa84f0_0_8, LS_000001e240aa84f0_0_12;
L_000001e240aa8b30 .concat [ 16 16 0 0], L_000001e240aa9ad0, L_000001e240aa84f0;
S_000001e240662660 .scope module, "u_fp16_mul" "fp16_mul" 4 121, 5 14 0, S_000001e2406624d0;
 .timescale -9 -12;
    .port_info 0 /INPUT 1 "clk";
    .port_info 1 /INPUT 1 "rst_n";
    .port_info 2 /INPUT 1 "en";
    .port_info 3 /INPUT 16 "a";
    .port_info 4 /INPUT 16 "b";
    .port_info 5 /OUTPUT 32 "result";
P_000001e2407048f0 .param/l "ACC_W" 0 5 15, +C4<00000000000000000000000000100000>;
L_000001e2406e3440 .functor AND 1, L_000001e240aa81d0, L_000001e240aa8f90, C4<1>, C4<1>;
L_000001e2406e3590 .functor AND 1, L_000001e240aa9b70, L_000001e240aa8630, C4<1>, C4<1>;
L_000001e2406e3600 .functor AND 1, L_000001e240aa9030, L_000001e240aa9d50, C4<1>, C4<1>;
L_000001e2406e36e0 .functor AND 1, L_000001e240aa9210, L_000001e240aa89f0, C4<1>, C4<1>;
L_000001e2406e2f70 .functor AND 1, L_000001e240aa8d10, L_000001e240aa9c10, C4<1>, C4<1>;
L_000001e2406e3050 .functor AND 1, L_000001e240aa9fd0, L_000001e240aa8770, C4<1>, C4<1>;
L_000001e2406e30c0 .functor OR 1, L_000001e2406e2f70, L_000001e2406e3050, C4<0>, C4<0>;
L_000001e2406cf610 .functor AND 1, L_000001e2406e3440, L_000001e2406e36e0, C4<1>, C4<1>;
L_000001e2406cf220 .functor OR 1, L_000001e2406e30c0, L_000001e2406cf610, C4<0>, C4<0>;
L_000001e240b04b80 .functor AND 1, L_000001e2406e3590, L_000001e2406e3600, C4<1>, C4<1>;
L_000001e240b04560 .functor OR 1, L_000001e2406cf220, L_000001e240b04b80, C4<0>, C4<0>;
L_000001e240b046b0 .functor OR 1, L_000001e2406e3600, L_000001e2406e36e0, C4<0>, C4<0>;
L_000001e240b04800 .functor AND 1, L_000001e240b046b0, L_000001e240aa86d0, C4<1>, C4<1>;
L_000001e240b042c0 .functor OR 1, L_000001e2406e3440, L_000001e2406e3590, C4<0>, C4<0>;
L_000001e240b04790 .functor AND 1, L_000001e240b042c0, L_000001e240aa8c70, C4<1>, C4<1>;
L_000001e240b045d0 .functor XOR 1, L_000001e240aa98f0, L_000001e240aa83b0, C4<0>, C4<0>;
L_000001e240b048e0 .functor AND 1, L_000001e240b06440, L_000001e240b06260, C4<1>, C4<1>;
L_000001e240b04e90 .functor BUFZ 32, L_000001e240b06760, C4<00000000000000000000000000000000>, C4<00000000000000000000000000000000>, C4<00000000000000000000000000000000>;
L_000001e240b04330 .functor AND 1, v000001e240aa7340_0, v000001e240aa8450_0, C4<1>, C4<1>;
L_000001e240b04250 .functor AND 1, L_000001e240b04330, v000001e240aa70c0_0, C4<1>, C4<1>;
L_000001e240aac4b0 .functor BUFT 1, C4<0>, C4<0>, C4<0>, C4<0>;
v000001e2406e9350_0 .net/2u *"_ivl_100", 0 0, L_000001e240aac4b0;  1 drivers
v000001e2406e98f0_0 .net *"_ivl_102", 5 0, L_000001e240aa9710;  1 drivers
L_000001e240aac4f8 .functor BUFT 1, C4<1>, C4<0>, C4<0>, C4<0>;
v000001e2406e9530_0 .net/2u *"_ivl_106", 0 0, L_000001e240aac4f8;  1 drivers
L_000001e240aac540 .functor BUFT 1, C4<1>, C4<0>, C4<0>, C4<0>;
v000001e2406e9990_0 .net/2u *"_ivl_110", 0 0, L_000001e240aac540;  1 drivers
v000001e2406e9a30_0 .net *"_ivl_114", 21 0, L_000001e240aa9530;  1 drivers
L_000001e240aac588 .functor BUFT 1, C4<00000000000>, C4<0>, C4<0>, C4<0>;
v000001e24074ba80_0 .net *"_ivl_117", 10 0, L_000001e240aac588;  1 drivers
v000001e24074bbc0_0 .net *"_ivl_118", 21 0, L_000001e240aa95d0;  1 drivers
L_000001e240aac108 .functor BUFT 1, C4<00000>, C4<0>, C4<0>, C4<0>;
v000001e24074b800_0 .net/2u *"_ivl_12", 4 0, L_000001e240aac108;  1 drivers
L_000001e240aac5d0 .functor BUFT 1, C4<00000000000>, C4<0>, C4<0>, C4<0>;
v000001e24074c700_0 .net *"_ivl_121", 10 0, L_000001e240aac5d0;  1 drivers
v000001e24074d6a0_0 .net *"_ivl_127", 10 0, L_000001e240aa8bd0;  1 drivers
v000001e24074d600_0 .net *"_ivl_129", 10 0, L_000001e240aa8db0;  1 drivers
L_000001e240aac618 .functor BUFT 1, C4<001111>, C4<0>, C4<0>, C4<0>;
v000001e24074c840_0 .net/2u *"_ivl_132", 5 0, L_000001e240aac618;  1 drivers
v000001e24074c0c0_0 .net *"_ivl_134", 5 0, L_000001e240aa8270;  1 drivers
L_000001e240aac660 .functor BUFT 1, C4<00000>, C4<0>, C4<0>, C4<0>;
v000001e24074bb20_0 .net/2u *"_ivl_136", 4 0, L_000001e240aac660;  1 drivers
v000001e24074c200_0 .net *"_ivl_138", 5 0, L_000001e240aa93f0;  1 drivers
v000001e24074cfc0_0 .net *"_ivl_14", 0 0, L_000001e240aa81d0;  1 drivers
v000001e24074d1a0_0 .net *"_ivl_143", 0 0, L_000001e240aa9f30;  1 drivers
v000001e24074b940_0 .net *"_ivl_144", 31 0, L_000001e240aa8e50;  1 drivers
L_000001e240aac6a8 .functor BUFT 1, C4<0000000000000000000000000000000>, C4<0>, C4<0>, C4<0>;
v000001e24074c3e0_0 .net *"_ivl_147", 30 0, L_000001e240aac6a8;  1 drivers
L_000001e240aac6f0 .functor BUFT 1, C4<00000000000000000000000000000000>, C4<0>, C4<0>, C4<0>;
v000001e24074c8e0_0 .net/2u *"_ivl_148", 31 0, L_000001e240aac6f0;  1 drivers
v000001e24074cd40_0 .net *"_ivl_150", 0 0, L_000001e240b06440;  1 drivers
v000001e24074be40_0 .net *"_ivl_153", 4 0, L_000001e240b064e0;  1 drivers
L_000001e240aac738 .functor BUFT 1, C4<11110>, C4<0>, C4<0>, C4<0>;
v000001e24074ca20_0 .net/2u *"_ivl_154", 4 0, L_000001e240aac738;  1 drivers
v000001e24074b8a0_0 .net *"_ivl_156", 0 0, L_000001e240b06260;  1 drivers
L_000001e240aac150 .functor BUFT 1, C4<0000000000>, C4<0>, C4<0>, C4<0>;
v000001e24074c980_0 .net/2u *"_ivl_16", 9 0, L_000001e240aac150;  1 drivers
L_000001e240aac780 .functor BUFT 1, C4<11110>, C4<0>, C4<0>, C4<0>;
v000001e24074cde0_0 .net/2u *"_ivl_162", 4 0, L_000001e240aac780;  1 drivers
L_000001e240aac7c8 .functor BUFT 1, C4<00000>, C4<0>, C4<0>, C4<0>;
v000001e24074ce80_0 .net/2u *"_ivl_164", 4 0, L_000001e240aac7c8;  1 drivers
v000001e24074cf20_0 .net *"_ivl_167", 4 0, L_000001e240b06580;  1 drivers
v000001e24074c5c0_0 .net *"_ivl_168", 4 0, L_000001e240b054a0;  1 drivers
L_000001e240aac810 .functor BUFT 1, C4<0000000000>, C4<0>, C4<0>, C4<0>;
v000001e24074c480_0 .net/2u *"_ivl_172", 9 0, L_000001e240aac810;  1 drivers
v000001e24074c520_0 .net *"_ivl_175", 9 0, L_000001e240b06620;  1 drivers
L_000001e240aac858 .functor BUFT 1, C4<11111>, C4<0>, C4<0>, C4<0>;
v000001e24074cac0_0 .net/2u *"_ivl_178", 4 0, L_000001e240aac858;  1 drivers
v000001e24074bee0_0 .net *"_ivl_18", 0 0, L_000001e240aa8f90;  1 drivers
L_000001e240aac8a0 .functor BUFT 1, C4<0000000001>, C4<0>, C4<0>, C4<0>;
v000001e24074c660_0 .net/2u *"_ivl_180", 9 0, L_000001e240aac8a0;  1 drivers
v000001e24074cb60_0 .net *"_ivl_182", 15 0, L_000001e240b06800;  1 drivers
L_000001e240aac8e8 .functor BUFT 1, C4<11111>, C4<0>, C4<0>, C4<0>;
v000001e24074d060_0 .net/2u *"_ivl_184", 4 0, L_000001e240aac8e8;  1 drivers
L_000001e240aac930 .functor BUFT 1, C4<0000000000>, C4<0>, C4<0>, C4<0>;
v000001e24074d560_0 .net/2u *"_ivl_186", 9 0, L_000001e240aac930;  1 drivers
v000001e24074c020_0 .net *"_ivl_188", 15 0, L_000001e240b05f40;  1 drivers
L_000001e240aac978 .functor BUFT 1, C4<000000000000000>, C4<0>, C4<0>, C4<0>;
v000001e24074c160_0 .net/2u *"_ivl_190", 14 0, L_000001e240aac978;  1 drivers
v000001e24074d240_0 .net *"_ivl_192", 15 0, L_000001e240b06a80;  1 drivers
v000001e24074c7a0_0 .net *"_ivl_194", 15 0, L_000001e240b05180;  1 drivers
v000001e24074bc60_0 .net *"_ivl_196", 15 0, L_000001e240b061c0;  1 drivers
v000001e24074cc00_0 .net *"_ivl_198", 15 0, L_000001e240b06da0;  1 drivers
v000001e24074d100_0 .net *"_ivl_203", 0 0, L_000001e240b066c0;  1 drivers
v000001e24074b9e0_0 .net *"_ivl_204", 15 0, L_000001e240b06300;  1 drivers
v000001e24074bd00_0 .net *"_ivl_210", 0 0, L_000001e240b04330;  1 drivers
L_000001e240aac198 .functor BUFT 1, C4<00000>, C4<0>, C4<0>, C4<0>;
v000001e24074c2a0_0 .net/2u *"_ivl_22", 4 0, L_000001e240aac198;  1 drivers
v000001e24074bda0_0 .net *"_ivl_24", 0 0, L_000001e240aa9b70;  1 drivers
L_000001e240aac1e0 .functor BUFT 1, C4<0000000000>, C4<0>, C4<0>, C4<0>;
v000001e24074d2e0_0 .net/2u *"_ivl_26", 9 0, L_000001e240aac1e0;  1 drivers
v000001e24074bf80_0 .net *"_ivl_28", 0 0, L_000001e240aa8630;  1 drivers
L_000001e240aac228 .functor BUFT 1, C4<11111>, C4<0>, C4<0>, C4<0>;
v000001e24074d420_0 .net/2u *"_ivl_32", 4 0, L_000001e240aac228;  1 drivers
v000001e24074cca0_0 .net *"_ivl_34", 0 0, L_000001e240aa9030;  1 drivers
L_000001e240aac270 .functor BUFT 1, C4<0000000000>, C4<0>, C4<0>, C4<0>;
v000001e24074d380_0 .net/2u *"_ivl_36", 9 0, L_000001e240aac270;  1 drivers
v000001e24074c340_0 .net *"_ivl_38", 0 0, L_000001e240aa9d50;  1 drivers
L_000001e240aac2b8 .functor BUFT 1, C4<11111>, C4<0>, C4<0>, C4<0>;
v000001e24074d4c0_0 .net/2u *"_ivl_42", 4 0, L_000001e240aac2b8;  1 drivers
v000001e240aa51f0_0 .net *"_ivl_44", 0 0, L_000001e240aa9210;  1 drivers
L_000001e240aac300 .functor BUFT 1, C4<0000000000>, C4<0>, C4<0>, C4<0>;
v000001e240aa53d0_0 .net/2u *"_ivl_46", 9 0, L_000001e240aac300;  1 drivers
v000001e240aa4ed0_0 .net *"_ivl_48", 0 0, L_000001e240aa89f0;  1 drivers
L_000001e240aac348 .functor BUFT 1, C4<11111>, C4<0>, C4<0>, C4<0>;
v000001e240aa4cf0_0 .net/2u *"_ivl_52", 4 0, L_000001e240aac348;  1 drivers
v000001e240aa5650_0 .net *"_ivl_54", 0 0, L_000001e240aa8d10;  1 drivers
L_000001e240aac390 .functor BUFT 1, C4<0000000000>, C4<0>, C4<0>, C4<0>;
v000001e240aa5dd0_0 .net/2u *"_ivl_56", 9 0, L_000001e240aac390;  1 drivers
v000001e240aa55b0_0 .net *"_ivl_58", 0 0, L_000001e240aa9c10;  1 drivers
L_000001e240aac3d8 .functor BUFT 1, C4<11111>, C4<0>, C4<0>, C4<0>;
v000001e240aa5790_0 .net/2u *"_ivl_62", 4 0, L_000001e240aac3d8;  1 drivers
v000001e240aa4b10_0 .net *"_ivl_64", 0 0, L_000001e240aa9fd0;  1 drivers
L_000001e240aac420 .functor BUFT 1, C4<0000000000>, C4<0>, C4<0>, C4<0>;
v000001e240aa5830_0 .net/2u *"_ivl_66", 9 0, L_000001e240aac420;  1 drivers
v000001e240aa58d0_0 .net *"_ivl_68", 0 0, L_000001e240aa8770;  1 drivers
v000001e240aa5ab0_0 .net *"_ivl_72", 0 0, L_000001e2406e30c0;  1 drivers
v000001e240aa5150_0 .net *"_ivl_74", 0 0, L_000001e2406cf610;  1 drivers
v000001e240aa46b0_0 .net *"_ivl_76", 0 0, L_000001e2406cf220;  1 drivers
v000001e240aa5fb0_0 .net *"_ivl_78", 0 0, L_000001e240b04b80;  1 drivers
v000001e240aa5010_0 .net *"_ivl_82", 0 0, L_000001e240b046b0;  1 drivers
v000001e240aa5e70_0 .net *"_ivl_85", 0 0, L_000001e240aa86d0;  1 drivers
v000001e240aa5f10_0 .net *"_ivl_88", 0 0, L_000001e240b042c0;  1 drivers
v000001e240aa4750_0 .net *"_ivl_91", 0 0, L_000001e240aa8c70;  1 drivers
L_000001e240aac468 .functor BUFT 1, C4<0>, C4<0>, C4<0>, C4<0>;
v000001e240aa50b0_0 .net/2u *"_ivl_96", 0 0, L_000001e240aac468;  1 drivers
v000001e240aa4110_0 .net *"_ivl_98", 5 0, L_000001e240aa9850;  1 drivers
v000001e240aa5970_0 .net "_unused", 0 0, L_000001e240b04250;  1 drivers
v000001e240aa5b50_0 .net "a", 15 0, v000001e240aa7200_0;  1 drivers
v000001e240aa5290_0 .net "a_inf", 0 0, L_000001e2406e3600;  1 drivers
v000001e240aa5c90_0 .net "a_nan", 0 0, L_000001e2406e2f70;  1 drivers
v000001e240aa49d0_0 .net "a_zero", 0 0, L_000001e2406e3440;  1 drivers
v000001e240aa41b0_0 .net "b", 15 0, v000001e240aa72a0_0;  1 drivers
v000001e240aa56f0_0 .net "b_inf", 0 0, L_000001e2406e36e0;  1 drivers
v000001e240aa5a10_0 .net "b_nan", 0 0, L_000001e2406e3050;  1 drivers
v000001e240aa47f0_0 .net "b_zero", 0 0, L_000001e2406e3590;  1 drivers
v000001e240aa4d90_0 .net "clk", 0 0, v000001e240aa7340_0;  alias, 1 drivers
v000001e240aa4bb0_0 .net "ea", 4 0, L_000001e240aa8590;  1 drivers
v000001e240aa4890_0 .net "eb", 4 0, L_000001e240aa8a90;  1 drivers
v000001e240aa5bf0_0 .net "en", 0 0, v000001e240aa70c0_0;  alias, 1 drivers
v000001e240aa5330_0 .net "exp_ovf", 0 0, L_000001e240b048e0;  1 drivers
v000001e240aa5d30_0 .net "exp_r", 4 0, L_000001e240b06120;  1 drivers
v000001e240aa5470_0 .net "exp_raw", 5 0, L_000001e240aa9490;  1 drivers
v000001e240aa4930_0 .net "exp_sum", 5 0, L_000001e240aa8130;  1 drivers
v000001e240aa4250_0 .net "exp_unf", 0 0, L_000001e240b069e0;  1 drivers
v000001e240aa4c50_0 .net "fp16_ext", 31 0, L_000001e240b06760;  1 drivers
v000001e240aa42f0_0 .net "fp16_result", 15 0, L_000001e240b05ae0;  1 drivers
v000001e240aa4390_0 .net "is_inf", 0 0, L_000001e240b04800;  1 drivers
v000001e240aa44d0_0 .net "is_nan", 0 0, L_000001e240b04560;  1 drivers
v000001e240aa4e30_0 .net "is_zero", 0 0, L_000001e240b04790;  1 drivers
v000001e240aa4570_0 .net "ma", 9 0, L_000001e240aa8950;  1 drivers
v000001e240aa4430_0 .net "mant_a", 10 0, L_000001e240aa92b0;  1 drivers
v000001e240aa4610_0 .net "mant_b", 10 0, L_000001e240aa9e90;  1 drivers
v000001e240aa4a70_0 .net "mant_norm", 10 0, L_000001e240aa9cb0;  1 drivers
v000001e240aa4f70_0 .net "mant_prod", 21 0, L_000001e240aa9350;  1 drivers
v000001e240aa5510_0 .net "mant_r", 9 0, L_000001e240b055e0;  1 drivers
v000001e240aa7ac0_0 .net "mb", 9 0, L_000001e240aa9a30;  1 drivers
v000001e240aa6c60_0 .net "norm_shift", 0 0, L_000001e240aa9670;  1 drivers
v000001e240aa6ee0_0 .net "result", 31 0, L_000001e240b04e90;  alias, 1 drivers
v000001e240aa6300_0 .net "rst_n", 0 0, v000001e240aa8450_0;  alias, 1 drivers
v000001e240aa7980_0 .net "sa", 0 0, L_000001e240aa98f0;  1 drivers
v000001e240aa6a80_0 .net "sb", 0 0, L_000001e240aa83b0;  1 drivers
v000001e240aa6d00_0 .net "sign_r", 0 0, L_000001e240b045d0;  1 drivers
L_000001e240aa98f0 .part v000001e240aa7200_0, 15, 1;
L_000001e240aa8590 .part v000001e240aa7200_0, 10, 5;
L_000001e240aa8950 .part v000001e240aa7200_0, 0, 10;
L_000001e240aa83b0 .part v000001e240aa72a0_0, 15, 1;
L_000001e240aa8a90 .part v000001e240aa72a0_0, 10, 5;
L_000001e240aa9a30 .part v000001e240aa72a0_0, 0, 10;
L_000001e240aa81d0 .cmp/eq 5, L_000001e240aa8590, L_000001e240aac108;
L_000001e240aa8f90 .cmp/eq 10, L_000001e240aa8950, L_000001e240aac150;
L_000001e240aa9b70 .cmp/eq 5, L_000001e240aa8a90, L_000001e240aac198;
L_000001e240aa8630 .cmp/eq 10, L_000001e240aa9a30, L_000001e240aac1e0;
L_000001e240aa9030 .cmp/eq 5, L_000001e240aa8590, L_000001e240aac228;
L_000001e240aa9d50 .cmp/eq 10, L_000001e240aa8950, L_000001e240aac270;
L_000001e240aa9210 .cmp/eq 5, L_000001e240aa8a90, L_000001e240aac2b8;
L_000001e240aa89f0 .cmp/eq 10, L_000001e240aa9a30, L_000001e240aac300;
L_000001e240aa8d10 .cmp/eq 5, L_000001e240aa8590, L_000001e240aac348;
L_000001e240aa9c10 .cmp/ne 10, L_000001e240aa8950, L_000001e240aac390;
L_000001e240aa9fd0 .cmp/eq 5, L_000001e240aa8a90, L_000001e240aac3d8;
L_000001e240aa8770 .cmp/ne 10, L_000001e240aa9a30, L_000001e240aac420;
L_000001e240aa86d0 .reduce/nor L_000001e240b04560;
L_000001e240aa8c70 .reduce/nor L_000001e240b04560;
L_000001e240aa9850 .concat [ 5 1 0 0], L_000001e240aa8590, L_000001e240aac468;
L_000001e240aa9710 .concat [ 5 1 0 0], L_000001e240aa8a90, L_000001e240aac4b0;
L_000001e240aa8130 .arith/sum 6, L_000001e240aa9850, L_000001e240aa9710;
L_000001e240aa92b0 .concat [ 10 1 0 0], L_000001e240aa8950, L_000001e240aac4f8;
L_000001e240aa9e90 .concat [ 10 1 0 0], L_000001e240aa9a30, L_000001e240aac540;
L_000001e240aa9530 .concat [ 11 11 0 0], L_000001e240aa92b0, L_000001e240aac588;
L_000001e240aa95d0 .concat [ 11 11 0 0], L_000001e240aa9e90, L_000001e240aac5d0;
L_000001e240aa9350 .arith/mult 22, L_000001e240aa9530, L_000001e240aa95d0;
L_000001e240aa9670 .part L_000001e240aa9350, 21, 1;
L_000001e240aa8bd0 .part L_000001e240aa9350, 11, 11;
L_000001e240aa8db0 .part L_000001e240aa9350, 10, 11;
L_000001e240aa9cb0 .functor MUXZ 11, L_000001e240aa8db0, L_000001e240aa8bd0, L_000001e240aa9670, C4<>;
L_000001e240aa8270 .arith/sub 6, L_000001e240aa8130, L_000001e240aac618;
L_000001e240aa93f0 .concat [ 1 5 0 0], L_000001e240aa9670, L_000001e240aac660;
L_000001e240aa9490 .arith/sum 6, L_000001e240aa8270, L_000001e240aa93f0;
L_000001e240aa9f30 .part L_000001e240aa9490, 5, 1;
L_000001e240aa8e50 .concat [ 1 31 0 0], L_000001e240aa9f30, L_000001e240aac6a8;
L_000001e240b06440 .cmp/eq 32, L_000001e240aa8e50, L_000001e240aac6f0;
L_000001e240b064e0 .part L_000001e240aa9490, 0, 5;
L_000001e240b06260 .cmp/gt 5, L_000001e240b064e0, L_000001e240aac738;
L_000001e240b069e0 .part L_000001e240aa9490, 5, 1;
L_000001e240b06580 .part L_000001e240aa9490, 0, 5;
L_000001e240b054a0 .functor MUXZ 5, L_000001e240b06580, L_000001e240aac7c8, L_000001e240b069e0, C4<>;
L_000001e240b06120 .functor MUXZ 5, L_000001e240b054a0, L_000001e240aac780, L_000001e240b048e0, C4<>;
L_000001e240b06620 .part L_000001e240aa9cb0, 0, 10;
L_000001e240b055e0 .functor MUXZ 10, L_000001e240b06620, L_000001e240aac810, L_000001e240b069e0, C4<>;
L_000001e240b06800 .concat [ 10 5 1 0], L_000001e240aac8a0, L_000001e240aac858, L_000001e240b045d0;
L_000001e240b05f40 .concat [ 10 5 1 0], L_000001e240aac930, L_000001e240aac8e8, L_000001e240b045d0;
L_000001e240b06a80 .concat [ 15 1 0 0], L_000001e240aac978, L_000001e240b045d0;
L_000001e240b05180 .concat [ 10 5 1 0], L_000001e240b055e0, L_000001e240b06120, L_000001e240b045d0;
L_000001e240b061c0 .functor MUXZ 16, L_000001e240b05180, L_000001e240b06a80, L_000001e240b04790, C4<>;
L_000001e240b06da0 .functor MUXZ 16, L_000001e240b061c0, L_000001e240b05f40, L_000001e240b04800, C4<>;
L_000001e240b05ae0 .functor MUXZ 16, L_000001e240b06da0, L_000001e240b06800, L_000001e240b04560, C4<>;
L_000001e240b066c0 .part L_000001e240b05ae0, 15, 1;
LS_000001e240b06300_0_0 .concat [ 1 1 1 1], L_000001e240b066c0, L_000001e240b066c0, L_000001e240b066c0, L_000001e240b066c0;
LS_000001e240b06300_0_4 .concat [ 1 1 1 1], L_000001e240b066c0, L_000001e240b066c0, L_000001e240b066c0, L_000001e240b066c0;
LS_000001e240b06300_0_8 .concat [ 1 1 1 1], L_000001e240b066c0, L_000001e240b066c0, L_000001e240b066c0, L_000001e240b066c0;
LS_000001e240b06300_0_12 .concat [ 1 1 1 1], L_000001e240b066c0, L_000001e240b066c0, L_000001e240b066c0, L_000001e240b066c0;
L_000001e240b06300 .concat [ 4 4 4 4], LS_000001e240b06300_0_0, LS_000001e240b06300_0_4, LS_000001e240b06300_0_8, LS_000001e240b06300_0_12;
L_000001e240b06760 .concat [ 16 16 0 0], L_000001e240b05ae0, L_000001e240b06300;
    .scope S_000001e2406624d0;
T_3 ;
    %wait E_000001e240704ab0;
    %load/vec4 v000001e240aa7fc0_0;
    %nor/r;
    %flag_set/vec4 8;
    %jmp/0xz  T_3.0, 8;
    %pushi/vec4 0, 0, 16;
    %assign/vec4 v000001e240aa7200_0, 0;
    %pushi/vec4 0, 0, 16;
    %assign/vec4 v000001e240aa72a0_0, 0;
    %pushi/vec4 0, 0, 1;
    %assign/vec4 v000001e240aa6800_0, 0;
    %pushi/vec4 0, 0, 1;
    %assign/vec4 v000001e240aa6760_0, 0;
    %pushi/vec4 0, 0, 1;
    %assign/vec4 v000001e240aa6120_0, 0;
    %pushi/vec4 0, 0, 1;
    %assign/vec4 v000001e240aa61c0_0, 0;
    %pushi/vec4 0, 0, 16;
    %assign/vec4 v000001e240aa66c0_0, 0;
    %jmp T_3.1;
T_3.0 ;
    %load/vec4 v000001e240aa6f80_0;
    %flag_set/vec4 8;
    %jmp/0xz  T_3.2, 8;
    %load/vec4 v000001e240aa7160_0;
    %assign/vec4 v000001e240aa6120_0, 0;
    %load/vec4 v000001e240aa7020_0;
    %assign/vec4 v000001e240aa61c0_0, 0;
    %load/vec4 v000001e240aa7480_0;
    %assign/vec4 v000001e240aa6760_0, 0;
    %pushi/vec4 1, 0, 1;
    %assign/vec4 v000001e240aa6800_0, 0;
    %load/vec4 v000001e240aa7020_0;
    %cmpi/e 0, 0, 1;
    %jmp/0xz  T_3.4, 4;
    %load/vec4 v000001e240aa6620_0;
    %assign/vec4 v000001e240aa7200_0, 0;
    %load/vec4 v000001e240aa7e80_0;
    %assign/vec4 v000001e240aa72a0_0, 0;
    %jmp T_3.5;
T_3.4 ;
    %load/vec4 v000001e240aa6620_0;
    %assign/vec4 v000001e240aa7200_0, 0;
    %load/vec4 v000001e240aa7e80_0;
    %assign/vec4 v000001e240aa72a0_0, 0;
T_3.5 ;
    %jmp T_3.3;
T_3.2 ;
    %pushi/vec4 0, 0, 1;
    %assign/vec4 v000001e240aa6800_0, 0;
    %load/vec4 v000001e240aa7480_0;
    %assign/vec4 v000001e240aa6760_0, 0;
T_3.3 ;
T_3.1 ;
    %jmp T_3;
    .thread T_3;
    .scope S_000001e2406624d0;
T_4 ;
    %wait E_000001e240704ab0;
    %load/vec4 v000001e240aa7fc0_0;
    %nor/r;
    %flag_set/vec4 8;
    %jmp/0xz  T_4.0, 8;
    %pushi/vec4 0, 0, 32;
    %assign/vec4 v000001e240aa7f20_0, 0;
    %pushi/vec4 0, 0, 1;
    %assign/vec4 v000001e240aa63a0_0, 0;
    %pushi/vec4 0, 0, 1;
    %assign/vec4 v000001e240aa7de0_0, 0;
    %pushi/vec4 0, 0, 1;
    %assign/vec4 v000001e240aa75c0_0, 0;
    %pushi/vec4 0, 0, 32;
    %assign/vec4 v000001e240aa6260_0, 0;
    %jmp T_4.1;
T_4.0 ;
    %load/vec4 v000001e240aa6800_0;
    %flag_set/vec4 8;
    %jmp/0xz  T_4.2, 8;
    %load/vec4 v000001e240aa6800_0;
    %assign/vec4 v000001e240aa63a0_0, 0;
    %load/vec4 v000001e240aa6760_0;
    %assign/vec4 v000001e240aa7de0_0, 0;
    %load/vec4 v000001e240aa61c0_0;
    %assign/vec4 v000001e240aa75c0_0, 0;
    %load/vec4 v000001e240aa6440_0;
    %assign/vec4 v000001e240aa6260_0, 0;
    %load/vec4 v000001e240aa6120_0;
    %flag_set/vec4 8;
    %jmp/0 T_4.4, 8;
    %load/vec4 v000001e240aa7840_0;
    %jmp/1 T_4.5, 8;
T_4.4 ; End of true expr.
    %load/vec4 v000001e240aa7d40_0;
    %jmp/0 T_4.5, 8;
 ; End of false expr.
    %blend;
T_4.5;
    %assign/vec4 v000001e240aa7f20_0, 0;
    %jmp T_4.3;
T_4.2 ;
    %pushi/vec4 0, 0, 1;
    %assign/vec4 v000001e240aa63a0_0, 0;
T_4.3 ;
T_4.1 ;
    %jmp T_4;
    .thread T_4;
    .scope S_000001e2406624d0;
T_5 ;
    %wait E_000001e240704ab0;
    %load/vec4 v000001e240aa7fc0_0;
    %nor/r;
    %flag_set/vec4 8;
    %jmp/0xz  T_5.0, 8;
    %pushi/vec4 0, 0, 32;
    %assign/vec4 v000001e240aa6e40_0, 0;
    %pushi/vec4 0, 0, 32;
    %assign/vec4 v000001e240aa73e0_0, 0;
    %pushi/vec4 0, 0, 1;
    %assign/vec4 v000001e240aa6580_0, 0;
    %jmp T_5.1;
T_5.0 ;
    %pushi/vec4 0, 0, 1;
    %assign/vec4 v000001e240aa6580_0, 0;
    %load/vec4 v000001e240aa63a0_0;
    %flag_set/vec4 8;
    %jmp/0xz  T_5.2, 8;
    %load/vec4 v000001e240aa75c0_0;
    %cmpi/e 0, 0, 1;
    %jmp/0xz  T_5.4, 4;
    %load/vec4 v000001e240aa6260_0;
    %load/vec4 v000001e240aa7f20_0;
    %add;
    %assign/vec4 v000001e240aa73e0_0, 0;
    %pushi/vec4 1, 0, 1;
    %assign/vec4 v000001e240aa6580_0, 0;
    %jmp T_5.5;
T_5.4 ;
    %load/vec4 v000001e240aa7de0_0;
    %flag_set/vec4 8;
    %jmp/0xz  T_5.6, 8;
    %load/vec4 v000001e240aa6e40_0;
    %assign/vec4 v000001e240aa73e0_0, 0;
    %pushi/vec4 0, 0, 32;
    %assign/vec4 v000001e240aa6e40_0, 0;
    %pushi/vec4 1, 0, 1;
    %assign/vec4 v000001e240aa6580_0, 0;
    %jmp T_5.7;
T_5.6 ;
    %load/vec4 v000001e240aa6e40_0;
    %load/vec4 v000001e240aa7f20_0;
    %add;
    %assign/vec4 v000001e240aa6e40_0, 0;
T_5.7 ;
T_5.5 ;
T_5.2 ;
T_5.1 ;
    %jmp T_5;
    .thread T_5;
    .scope S_000001e24070ceb0;
T_6 ;
    %pushi/vec4 0, 0, 32;
    %store/vec4 v000001e240aa8310_0, 0, 32;
    %pushi/vec4 0, 0, 32;
    %store/vec4 v000001e240aa69e0_0, 0, 32;
    %end;
    .thread T_6, $init;
    .scope S_000001e24070ceb0;
T_7 ;
    %pushi/vec4 0, 0, 1;
    %store/vec4 v000001e240aa7340_0, 0, 1;
    %end;
    .thread T_7;
    .scope S_000001e24070ceb0;
T_8 ;
    %delay 5000, 0;
    %load/vec4 v000001e240aa7340_0;
    %inv;
    %store/vec4 v000001e240aa7340_0, 0, 1;
    %jmp T_8;
    .thread T_8;
    .scope S_000001e24070ceb0;
T_9 ;
    %vpi_call/w 3 124 "$dumpfile", "../../sim/wave/tb_pe_top.vcd" {0 0 0};
    %vpi_call/w 3 125 "$dumpvars", 32'sb00000000000000000000000000000000, S_000001e24070ceb0 {0 0 0};
    %fork TD_tb_pe_top.reset_dut, S_000001e2406a66f0;
    %join;
    %vpi_call/w 3 138 "$display", "\012--- Test 1: INT8 Weight-Stationary ---" {0 0 0};
    %pushi/vec4 0, 0, 1;
    %store/vec4 v000001e240aa7a20_0, 0, 1;
    %pushi/vec4 0, 0, 1;
    %store/vec4 v000001e240aa8810_0, 0, 1;
    %pushi/vec4 3, 0, 8;
    %store/vec4 v000001e240aa6b20_0, 0, 8;
    %wait E_000001e240704ab0;
    %delay 1000, 0;
    %load/vec4 v000001e240aa6b20_0;
    %parti/s 1, 7, 4;
    %replicate 8;
    %load/vec4 v000001e240aa6b20_0;
    %concat/vec4; draw_concat_vec4
    %store/vec4 v000001e240aa9170_0, 0, 16;
    %pushi/vec4 1, 0, 16;
    %store/vec4 v000001e240aa6bc0_0, 0, 16;
    %pushi/vec4 0, 0, 32;
    %store/vec4 v000001e240aa6940_0, 0, 32;
    %pushi/vec4 0, 0, 1;
    %store/vec4 v000001e240aa7700_0, 0, 1;
    %pushi/vec4 1, 0, 1;
    %store/vec4 v000001e240aa70c0_0, 0, 1;
    %pushi/vec4 3, 0, 32;
T_9.0 %dup/vec4;
    %pushi/vec4 0, 0, 32;
    %cmp/s;
    %jmp/1xz T_9.1, 5;
    %jmp/1 T_9.1, 4;
    %pushi/vec4 1, 0, 32;
    %sub;
    %wait E_000001e240704ab0;
    %jmp T_9.0;
T_9.1 ;
    %pop/vec4 1;
    %delay 1000, 0;
    %load/vec4 v000001e240aa6b20_0;
    %parti/s 1, 7, 4;
    %replicate 8;
    %load/vec4 v000001e240aa6b20_0;
    %concat/vec4; draw_concat_vec4
    %store/vec4 v000001e240aa9170_0, 0, 16;
    %pushi/vec4 2, 0, 16;
    %store/vec4 v000001e240aa6bc0_0, 0, 16;
    %load/vec4 v000001e240aa7660_0;
    %store/vec4 v000001e240aa6940_0, 0, 32;
    %pushi/vec4 0, 0, 1;
    %store/vec4 v000001e240aa7700_0, 0, 1;
    %pushi/vec4 1, 0, 1;
    %store/vec4 v000001e240aa70c0_0, 0, 1;
    %pushi/vec4 3, 0, 32;
T_9.2 %dup/vec4;
    %pushi/vec4 0, 0, 32;
    %cmp/s;
    %jmp/1xz T_9.3, 5;
    %jmp/1 T_9.3, 4;
    %pushi/vec4 1, 0, 32;
    %sub;
    %wait E_000001e240704ab0;
    %jmp T_9.2;
T_9.3 ;
    %pop/vec4 1;
    %delay 1000, 0;
    %load/vec4 v000001e240aa6b20_0;
    %parti/s 1, 7, 4;
    %replicate 8;
    %load/vec4 v000001e240aa6b20_0;
    %concat/vec4; draw_concat_vec4
    %store/vec4 v000001e240aa9170_0, 0, 16;
    %pushi/vec4 3, 0, 16;
    %store/vec4 v000001e240aa6bc0_0, 0, 16;
    %load/vec4 v000001e240aa7660_0;
    %store/vec4 v000001e240aa6940_0, 0, 32;
    %pushi/vec4 0, 0, 1;
    %store/vec4 v000001e240aa7700_0, 0, 1;
    %pushi/vec4 1, 0, 1;
    %store/vec4 v000001e240aa70c0_0, 0, 1;
    %pushi/vec4 3, 0, 32;
T_9.4 %dup/vec4;
    %pushi/vec4 0, 0, 32;
    %cmp/s;
    %jmp/1xz T_9.5, 5;
    %jmp/1 T_9.5, 4;
    %pushi/vec4 1, 0, 32;
    %sub;
    %wait E_000001e240704ab0;
    %jmp T_9.4;
T_9.5 ;
    %pop/vec4 1;
    %delay 1000, 0;
    %load/vec4 v000001e240aa6b20_0;
    %parti/s 1, 7, 4;
    %replicate 8;
    %load/vec4 v000001e240aa6b20_0;
    %concat/vec4; draw_concat_vec4
    %store/vec4 v000001e240aa9170_0, 0, 16;
    %pushi/vec4 4, 0, 16;
    %store/vec4 v000001e240aa6bc0_0, 0, 16;
    %load/vec4 v000001e240aa7660_0;
    %store/vec4 v000001e240aa6940_0, 0, 32;
    %pushi/vec4 0, 0, 1;
    %store/vec4 v000001e240aa7700_0, 0, 1;
    %pushi/vec4 1, 0, 1;
    %store/vec4 v000001e240aa70c0_0, 0, 1;
    %pushi/vec4 3, 0, 32;
T_9.6 %dup/vec4;
    %pushi/vec4 0, 0, 32;
    %cmp/s;
    %jmp/1xz T_9.7, 5;
    %jmp/1 T_9.7, 4;
    %pushi/vec4 1, 0, 32;
    %sub;
    %wait E_000001e240704ab0;
    %jmp T_9.6;
T_9.7 ;
    %pop/vec4 1;
    %delay 1000, 0;
    %pushi/vec4 0, 0, 1;
    %store/vec4 v000001e240aa70c0_0, 0, 1;
    %load/vec4 v000001e240aa7660_0;
    %store/vec4 v000001e2406e8c70_0, 0, 32;
    %pushi/vec4 30, 0, 32;
    %store/vec4 v000001e2406e8bd0_0, 0, 32;
    %pushi/vec4 1, 0, 64;
    %store/vec4 v000001e2406e8d10_0, 0, 64;
    %fork TD_tb_pe_top.check_result, S_000001e24070d040;
    %join;
    %vpi_call/w 3 167 "$display", "\012--- Test 2: INT8 Output-Stationary ---" {0 0 0};
    %fork TD_tb_pe_top.reset_dut, S_000001e2406a66f0;
    %join;
    %pushi/vec4 0, 0, 1;
    %store/vec4 v000001e240aa7a20_0, 0, 1;
    %pushi/vec4 1, 0, 1;
    %store/vec4 v000001e240aa8810_0, 0, 1;
    %pushi/vec4 2, 0, 8;
    %store/vec4 v000001e240aa77a0_0, 0, 8;
    %wait E_000001e240704ab0;
    %delay 1000, 0;
    %pushi/vec4 1, 0, 16;
    %store/vec4 v000001e240aa9170_0, 0, 16;
    %load/vec4 v000001e240aa77a0_0;
    %parti/s 1, 7, 4;
    %replicate 8;
    %load/vec4 v000001e240aa77a0_0;
    %concat/vec4; draw_concat_vec4
    %store/vec4 v000001e240aa6bc0_0, 0, 16;
    %pushi/vec4 0, 0, 32;
    %store/vec4 v000001e240aa6940_0, 0, 32;
    %pushi/vec4 0, 0, 1;
    %store/vec4 v000001e240aa7700_0, 0, 1;
    %pushi/vec4 1, 0, 1;
    %store/vec4 v000001e240aa70c0_0, 0, 1;
    %wait E_000001e240704ab0;
    %delay 1000, 0;
    %pushi/vec4 2, 0, 16;
    %store/vec4 v000001e240aa9170_0, 0, 16;
    %load/vec4 v000001e240aa77a0_0;
    %parti/s 1, 7, 4;
    %replicate 8;
    %load/vec4 v000001e240aa77a0_0;
    %concat/vec4; draw_concat_vec4
    %store/vec4 v000001e240aa6bc0_0, 0, 16;
    %pushi/vec4 0, 0, 32;
    %store/vec4 v000001e240aa6940_0, 0, 32;
    %pushi/vec4 0, 0, 1;
    %store/vec4 v000001e240aa7700_0, 0, 1;
    %pushi/vec4 1, 0, 1;
    %store/vec4 v000001e240aa70c0_0, 0, 1;
    %wait E_000001e240704ab0;
    %delay 1000, 0;
    %pushi/vec4 3, 0, 16;
    %store/vec4 v000001e240aa9170_0, 0, 16;
    %load/vec4 v000001e240aa77a0_0;
    %parti/s 1, 7, 4;
    %replicate 8;
    %load/vec4 v000001e240aa77a0_0;
    %concat/vec4; draw_concat_vec4
    %store/vec4 v000001e240aa6bc0_0, 0, 16;
    %pushi/vec4 0, 0, 32;
    %store/vec4 v000001e240aa6940_0, 0, 32;
    %pushi/vec4 0, 0, 1;
    %store/vec4 v000001e240aa7700_0, 0, 1;
    %pushi/vec4 1, 0, 1;
    %store/vec4 v000001e240aa70c0_0, 0, 1;
    %wait E_000001e240704ab0;
    %delay 1000, 0;
    %pushi/vec4 4, 0, 16;
    %store/vec4 v000001e240aa9170_0, 0, 16;
    %load/vec4 v000001e240aa77a0_0;
    %parti/s 1, 7, 4;
    %replicate 8;
    %load/vec4 v000001e240aa77a0_0;
    %concat/vec4; draw_concat_vec4
    %store/vec4 v000001e240aa6bc0_0, 0, 16;
    %pushi/vec4 0, 0, 32;
    %store/vec4 v000001e240aa6940_0, 0, 32;
    %pushi/vec4 0, 0, 1;
    %store/vec4 v000001e240aa7700_0, 0, 1;
    %pushi/vec4 1, 0, 1;
    %store/vec4 v000001e240aa70c0_0, 0, 1;
    %wait E_000001e240704ab0;
    %delay 1000, 0;
    %pushi/vec4 0, 0, 1;
    %store/vec4 v000001e240aa70c0_0, 0, 1;
    %pushi/vec4 0, 0, 1;
    %store/vec4 v000001e240aa7700_0, 0, 1;
    %wait E_000001e240704ab0;
    %delay 1000, 0;
    %pushi/vec4 0, 0, 1;
    %store/vec4 v000001e240aa70c0_0, 0, 1;
    %pushi/vec4 0, 0, 1;
    %store/vec4 v000001e240aa7700_0, 0, 1;
    %wait E_000001e240704ab0;
    %delay 1000, 0;
    %pushi/vec4 0, 0, 16;
    %store/vec4 v000001e240aa9170_0, 0, 16;
    %pushi/vec4 0, 0, 16;
    %store/vec4 v000001e240aa6bc0_0, 0, 16;
    %pushi/vec4 0, 0, 32;
    %store/vec4 v000001e240aa6940_0, 0, 32;
    %pushi/vec4 1, 0, 1;
    %store/vec4 v000001e240aa7700_0, 0, 1;
    %pushi/vec4 1, 0, 1;
    %store/vec4 v000001e240aa70c0_0, 0, 1;
    %wait E_000001e240704ab0;
    %delay 1000, 0;
    %pushi/vec4 0, 0, 1;
    %store/vec4 v000001e240aa7700_0, 0, 1;
    %pushi/vec4 0, 0, 1;
    %store/vec4 v000001e240aa70c0_0, 0, 1;
    %pushi/vec4 3, 0, 32;
T_9.8 %dup/vec4;
    %pushi/vec4 0, 0, 32;
    %cmp/s;
    %jmp/1xz T_9.9, 5;
    %jmp/1 T_9.9, 4;
    %pushi/vec4 1, 0, 32;
    %sub;
    %wait E_000001e240704ab0;
    %jmp T_9.8;
T_9.9 ;
    %pop/vec4 1;
    %delay 1000, 0;
    %load/vec4 v000001e240aa7660_0;
    %store/vec4 v000001e2406e8c70_0, 0, 32;
    %pushi/vec4 20, 0, 32;
    %store/vec4 v000001e2406e8bd0_0, 0, 32;
    %pushi/vec4 2, 0, 64;
    %store/vec4 v000001e2406e8d10_0, 0, 64;
    %fork TD_tb_pe_top.check_result, S_000001e24070d040;
    %join;
    %vpi_call/w 3 196 "$display", "\012--- Test 3: FP16 Weight-Stationary ---" {0 0 0};
    %fork TD_tb_pe_top.reset_dut, S_000001e2406a66f0;
    %join;
    %pushi/vec4 1, 0, 1;
    %store/vec4 v000001e240aa7a20_0, 0, 1;
    %pushi/vec4 0, 0, 1;
    %store/vec4 v000001e240aa8810_0, 0, 1;
    %wait E_000001e240704ab0;
    %delay 1000, 0;
    %pushi/vec4 16384, 0, 16;
    %store/vec4 v000001e240aa9170_0, 0, 16;
    %pushi/vec4 15872, 0, 16;
    %store/vec4 v000001e240aa6bc0_0, 0, 16;
    %pushi/vec4 0, 0, 32;
    %store/vec4 v000001e240aa6940_0, 0, 32;
    %pushi/vec4 0, 0, 1;
    %store/vec4 v000001e240aa7700_0, 0, 1;
    %pushi/vec4 1, 0, 1;
    %store/vec4 v000001e240aa70c0_0, 0, 1;
    %pushi/vec4 3, 0, 32;
T_9.10 %dup/vec4;
    %pushi/vec4 0, 0, 32;
    %cmp/s;
    %jmp/1xz T_9.11, 5;
    %jmp/1 T_9.11, 4;
    %pushi/vec4 1, 0, 32;
    %sub;
    %wait E_000001e240704ab0;
    %jmp T_9.10;
T_9.11 ;
    %pop/vec4 1;
    %delay 1000, 0;
    %pushi/vec4 0, 0, 1;
    %store/vec4 v000001e240aa70c0_0, 0, 1;
    %load/vec4 v000001e240aa7660_0;
    %store/vec4 v000001e2406e8c70_0, 0, 32;
    %pushi/vec4 16896, 0, 32;
    %store/vec4 v000001e2406e8bd0_0, 0, 32;
    %pushi/vec4 3, 0, 64;
    %store/vec4 v000001e2406e8d10_0, 0, 64;
    %fork TD_tb_pe_top.check_result, S_000001e24070d040;
    %join;
    %vpi_call/w 3 222 "$display", "\012--- Test 4: FP16 Output-Stationary ---" {0 0 0};
    %fork TD_tb_pe_top.reset_dut, S_000001e2406a66f0;
    %join;
    %pushi/vec4 1, 0, 1;
    %store/vec4 v000001e240aa7a20_0, 0, 1;
    %pushi/vec4 1, 0, 1;
    %store/vec4 v000001e240aa8810_0, 0, 1;
    %wait E_000001e240704ab0;
    %delay 1000, 0;
    %pushi/vec4 16384, 0, 16;
    %store/vec4 v000001e240aa9170_0, 0, 16;
    %pushi/vec4 15872, 0, 16;
    %store/vec4 v000001e240aa6bc0_0, 0, 16;
    %pushi/vec4 0, 0, 32;
    %store/vec4 v000001e240aa6940_0, 0, 32;
    %pushi/vec4 0, 0, 1;
    %store/vec4 v000001e240aa7700_0, 0, 1;
    %pushi/vec4 1, 0, 1;
    %store/vec4 v000001e240aa70c0_0, 0, 1;
    %wait E_000001e240704ab0;
    %delay 1000, 0;
    %pushi/vec4 16384, 0, 16;
    %store/vec4 v000001e240aa9170_0, 0, 16;
    %pushi/vec4 15872, 0, 16;
    %store/vec4 v000001e240aa6bc0_0, 0, 16;
    %pushi/vec4 0, 0, 32;
    %store/vec4 v000001e240aa6940_0, 0, 32;
    %pushi/vec4 0, 0, 1;
    %store/vec4 v000001e240aa7700_0, 0, 1;
    %pushi/vec4 1, 0, 1;
    %store/vec4 v000001e240aa70c0_0, 0, 1;
    %wait E_000001e240704ab0;
    %delay 1000, 0;
    %pushi/vec4 0, 0, 1;
    %store/vec4 v000001e240aa70c0_0, 0, 1;
    %pushi/vec4 0, 0, 1;
    %store/vec4 v000001e240aa7700_0, 0, 1;
    %wait E_000001e240704ab0;
    %delay 1000, 0;
    %pushi/vec4 0, 0, 1;
    %store/vec4 v000001e240aa70c0_0, 0, 1;
    %pushi/vec4 0, 0, 1;
    %store/vec4 v000001e240aa7700_0, 0, 1;
    %wait E_000001e240704ab0;
    %delay 1000, 0;
    %pushi/vec4 0, 0, 16;
    %store/vec4 v000001e240aa9170_0, 0, 16;
    %pushi/vec4 0, 0, 16;
    %store/vec4 v000001e240aa6bc0_0, 0, 16;
    %pushi/vec4 0, 0, 32;
    %store/vec4 v000001e240aa6940_0, 0, 32;
    %pushi/vec4 1, 0, 1;
    %store/vec4 v000001e240aa7700_0, 0, 1;
    %pushi/vec4 1, 0, 1;
    %store/vec4 v000001e240aa70c0_0, 0, 1;
    %wait E_000001e240704ab0;
    %delay 1000, 0;
    %pushi/vec4 0, 0, 1;
    %store/vec4 v000001e240aa7700_0, 0, 1;
    %pushi/vec4 0, 0, 1;
    %store/vec4 v000001e240aa70c0_0, 0, 1;
    %pushi/vec4 3, 0, 32;
T_9.12 %dup/vec4;
    %pushi/vec4 0, 0, 32;
    %cmp/s;
    %jmp/1xz T_9.13, 5;
    %jmp/1 T_9.13, 4;
    %pushi/vec4 1, 0, 32;
    %sub;
    %wait E_000001e240704ab0;
    %jmp T_9.12;
T_9.13 ;
    %pop/vec4 1;
    %delay 1000, 0;
    %load/vec4 v000001e240aa7660_0;
    %store/vec4 v000001e2406e8c70_0, 0, 32;
    %pushi/vec4 33792, 0, 32;
    %store/vec4 v000001e2406e8bd0_0, 0, 32;
    %pushi/vec4 4, 0, 64;
    %store/vec4 v000001e2406e8d10_0, 0, 64;
    %fork TD_tb_pe_top.check_result, S_000001e24070d040;
    %join;
    %pushi/vec4 0, 0, 1;
    %store/vec4 v000001e240aa70c0_0, 0, 1;
    %vpi_call/w 3 245 "$display", "\012=== Summary: PASS=%0d  FAIL=%0d ===", v000001e240aa8310_0, v000001e240aa69e0_0 {0 0 0};
    %load/vec4 v000001e240aa69e0_0;
    %cmpi/e 0, 0, 32;
    %jmp/0xz  T_9.14, 4;
    %vpi_call/w 3 247 "$display", "ALL TESTS PASSED" {0 0 0};
    %jmp T_9.15;
T_9.14 ;
    %vpi_call/w 3 249 "$display", "SOME TESTS FAILED" {0 0 0};
T_9.15 ;
    %vpi_call/w 3 250 "$finish" {0 0 0};
    %end;
    .thread T_9;
    .scope S_000001e24070ceb0;
T_10 ;
    %delay 50000000, 0;
    %vpi_call/w 3 258 "$display", "[TIMEOUT] Simulation exceeded 50us" {0 0 0};
    %vpi_call/w 3 259 "$finish" {0 0 0};
    %end;
    .thread T_10;
# The file index is used to find the file name in the following table.
:file_names 6;
    "N/A";
    "<interactive>";
    "-";
    "D:\NPU_prj\tb\tb_pe_top.v";
    "D:\NPU_prj\rtl\pe\pe_top.v";
    "D:\NPU_prj\rtl\pe\fp16_mul.v";
